
LICENSE SYSTEM [20181119 16:20:0] Next license update check is after 2018-11-20T05:33:05

DisplayProgressbar: Unity license
[Package Manager] Server::Start -- Port 57023 was selected

 COMMAND LINE ARGUMENTS:
/Applications/Unity/Unity.app/Contents/MacOS/Unity
-batchmode
-quit
-logFile
.build_apk.log
-projectPath
/Users/k_takeda/works/unity_projects/zakuro_ran
-executeMethod
MyBuilder.BuildProjectAllSceneWebGL
Successfully changed project path to: /Users/k_takeda/works/unity_projects/zakuro_ran
/Users/k_takeda/works/unity_projects/zakuro_ran
Loading GUID <-> Path mappings...0.000071 seconds
Loading Asset Database...0.040694 seconds
Audio: FMOD Profiler initialized on port 54900
AssetDatabase consistency checks...0.070594 seconds
Refreshing native plugins compatible for Editor in 196.63 ms, found 1 plugins.
Preloading 0 native plugins for Editor in 0.00 ms.
DisplayProgressbar: Unity Package Manager
[Package Manager] Done resolving packages in 0.22s seconds
[Package Manager] Registering 36 packages:
[Package Manager]  * Package :  com.unity.ads@2.0.8
    (location: /Users/k_takeda/Library/Unity/cache/packages/packages.unity.com/com.unity.ads@2.0.8)
[Package Manager]  * Package :  com.unity.analytics@2.0.16
    (location: /Users/k_takeda/Library/Unity/cache/packages/packages.unity.com/com.unity.analytics@2.0.16)
[Package Manager]  * Package :  com.unity.package-manager-ui@1.9.11
    (location: /Users/k_takeda/Library/Unity/cache/packages/packages.unity.com/com.unity.package-manager-ui@1.9.11)
[Package Manager]  * Package :  com.unity.purchasing@2.0.3
    (location: /Users/k_takeda/Library/Unity/cache/packages/packages.unity.com/com.unity.purchasing@2.0.3)
[Package Manager]  * Package :  com.unity.textmeshpro@1.2.4
    (location: /Users/k_takeda/Library/Unity/cache/packages/packages.unity.com/com.unity.textmeshpro@1.2.4)
[Package Manager]  * Package :  com.unity.modules.ai@1.0.0
    (location: /Applications/Unity/Unity.app/Contents/Resources/PackageManager/BuiltInPackages/com.unity.modules.ai)
[Package Manager]  * Package :  com.unity.modules.animation@1.0.0
    (location: /Applications/Unity/Unity.app/Contents/Resources/PackageManager/BuiltInPackages/com.unity.modules.animation)
[Package Manager]  * Package :  com.unity.modules.assetbundle@1.0.0
    (location: /Applications/Unity/Unity.app/Contents/Resources/PackageManager/BuiltInPackages/com.unity.modules.assetbundle)
[Package Manager]  * Package :  com.unity.modules.audio@1.0.0
    (location: /Applications/Unity/Unity.app/Contents/Resources/PackageManager/BuiltInPackages/com.unity.modules.audio)
[Package Manager]  * Package :  com.unity.modules.cloth@1.0.0
    (location: /Applications/Unity/Unity.app/Contents/Resources/PackageManager/BuiltInPackages/com.unity.modules.cloth)
[Package Manager]  * Package :  com.unity.modules.director@1.0.0
    (location: /Applications/Unity/Unity.app/Contents/Resources/PackageManager/BuiltInPackages/com.unity.modules.director)
[Package Manager]  * Package :  com.unity.modules.imageconversion@1.0.0
    (location: /Applications/Unity/Unity.app/Contents/Resources/PackageManager/BuiltInPackages/com.unity.modules.imageconversion)
[Package Manager]  * Package :  com.unity.modules.imgui@1.0.0
    (location: /Applications/Unity/Unity.app/Contents/Resources/PackageManager/BuiltInPackages/com.unity.modules.imgui)
[Package Manager]  * Package :  com.unity.modules.jsonserialize@1.0.0
    (location: /Applications/Unity/Unity.app/Contents/Resources/PackageManager/BuiltInPackages/com.unity.modules.jsonserialize)
[Package Manager]  * Package :  com.unity.modules.particlesystem@1.0.0
    (location: /Applications/Unity/Unity.app/Contents/Resources/PackageManager/BuiltInPackages/com.unity.modules.particlesystem)
[Package Manager]  * Package :  com.unity.modules.physics@1.0.0
    (location: /Applications/Unity/Unity.app/Contents/Resources/PackageManager/BuiltInPackages/com.unity.modules.physics)
[Package Manager]  * Package :  com.unity.modules.physics2d@1.0.0
    (location: /Applications/Unity/Unity.app/Contents/Resources/PackageManager/BuiltInPackages/com.unity.modules.physics2d)
[Package Manager]  * Package :  com.unity.modules.screencapture@1.0.0
    (location: /Applications/Unity/Unity.app/Contents/Resources/PackageManager/BuiltInPackages/com.unity.modules.screencapture)
[Package Manager]  * Package :  com.unity.modules.terrain@1.0.0
    (location: /Applications/Unity/Unity.app/Contents/Resources/PackageManager/BuiltInPackages/com.unity.modules.terrain)
[Package Manager]  * Package :  com.unity.modules.terrainphysics@1.0.0
    (location: /Applications/Unity/Unity.app/Contents/Resources/PackageManager/BuiltInPackages/com.unity.modules.terrainphysics)
[Package Manager]  * Package :  com.unity.modules.tilemap@1.0.0
    (location: /Applications/Unity/Unity.app/Contents/Resources/PackageManager/BuiltInPackages/com.unity.modules.tilemap)
[Package Manager]  * Package :  com.unity.modules.ui@1.0.0
    (location: /Applications/Unity/Unity.app/Contents/Resources/PackageManager/BuiltInPackages/com.unity.modules.ui)
[Package Manager]  * Package :  com.unity.modules.uielements@1.0.0
    (location: /Applications/Unity/Unity.app/Contents/Resources/PackageManager/BuiltInPackages/com.unity.modules.uielements)
[Package Manager]  * Package :  com.unity.modules.umbra@1.0.0
    (location: /Applications/Unity/Unity.app/Contents/Resources/PackageManager/BuiltInPackages/com.unity.modules.umbra)
[Package Manager]  * Package :  com.unity.modules.unityanalytics@1.0.0
    (location: /Applications/Unity/Unity.app/Contents/Resources/PackageManager/BuiltInPackages/com.unity.modules.unityanalytics)
[Package Manager]  * Package :  com.unity.modules.unitywebrequest@1.0.0
    (location: /Applications/Unity/Unity.app/Contents/Resources/PackageManager/BuiltInPackages/com.unity.modules.unitywebrequest)
[Package Manager]  * Package :  com.unity.modules.unitywebrequestassetbundle@1.0.0
    (location: /Applications/Unity/Unity.app/Contents/Resources/PackageManager/BuiltInPackages/com.unity.modules.unitywebrequestassetbundle)
[Package Manager]  * Package :  com.unity.modules.unitywebrequestaudio@1.0.0
    (location: /Applications/Unity/Unity.app/Contents/Resources/PackageManager/BuiltInPackages/com.unity.modules.unitywebrequestaudio)
[Package Manager]  * Package :  com.unity.modules.unitywebrequesttexture@1.0.0
    (location: /Applications/Unity/Unity.app/Contents/Resources/PackageManager/BuiltInPackages/com.unity.modules.unitywebrequesttexture)
[Package Manager]  * Package :  com.unity.modules.unitywebrequestwww@1.0.0
    (location: /Applications/Unity/Unity.app/Contents/Resources/PackageManager/BuiltInPackages/com.unity.modules.unitywebrequestwww)
[Package Manager]  * Package :  com.unity.modules.vehicles@1.0.0
    (location: /Applications/Unity/Unity.app/Contents/Resources/PackageManager/BuiltInPackages/com.unity.modules.vehicles)
[Package Manager]  * Package :  com.unity.modules.video@1.0.0
    (location: /Applications/Unity/Unity.app/Contents/Resources/PackageManager/BuiltInPackages/com.unity.modules.video)
[Package Manager]  * Package :  com.unity.modules.vr@1.0.0
    (location: /Applications/Unity/Unity.app/Contents/Resources/PackageManager/BuiltInPackages/com.unity.modules.vr)
[Package Manager]  * Package :  com.unity.modules.wind@1.0.0
    (location: /Applications/Unity/Unity.app/Contents/Resources/PackageManager/BuiltInPackages/com.unity.modules.wind)
[Package Manager]  * Package :  com.unity.modules.xr@1.0.0
    (location: /Applications/Unity/Unity.app/Contents/Resources/PackageManager/BuiltInPackages/com.unity.modules.xr)
[Package Manager]  * Package :  com.unity.standardevents@1.0.13
    (location: /Users/k_takeda/Library/Unity/cache/packages/packages.unity.com/com.unity.standardevents@1.0.13)
[Package Manager] Done registering packages in 0.02s seconds
Initialize engine version: 2018.2.0f2 (787658998520)
GfxDevice: creating device client; threaded=0
Initializing Metal device caps: Intel(R) Iris(TM) Plus Graphics 640
WARNING: Shader Unsupported: 'VR/SpatialMapping/Wireframe' - Pass '' has no vertex shader
WARNING: Shader Unsupported: 'VR/SpatialMapping/Wireframe' - Setting to default shader.
WARNING: Shader Unsupported: 'AR/TangoARRender' - Pass '' has no vertex shader
WARNING: Shader Unsupported: 'AR/TangoARRender' - Setting to default shader.
WARNING: Shader Unsupported: 'Hidden/VideoDecodeOSX' - Pass 'Flip_RGBARect_To_RGBA' has no vertex shader
WARNING: Shader Unsupported: 'Hidden/VideoDecodeOSX' - Setting to default shader.
WARNING: Shader Unsupported: 'Hidden/VideoDecodeAndroid' - Pass 'RGBAExternal_To_RGBA' has no vertex shader
WARNING: Shader Unsupported: 'Hidden/VideoDecodeAndroid' - Setting to default shader.
Initialize mono
Mono path[0] = '/Applications/Unity/Unity.app/Contents/Managed'
Mono path[1] = '/Applications/Unity/Unity.app/Contents/Mono/lib/mono/2.0'
Mono config path = '/Applications/Unity/Unity.app/Contents/Mono/etc'
Using monoOptions --debugger-agent=transport=dt_socket,embedding=1,defer=y,address=0.0.0.0:56118
Begin MonoManager ReloadAssembly
Initializing Unity.PackageManager (PackageManager) v2018.2.0 for Unity v2018.2.0f2
Registering precompiled unity dll's ...
Register platform support module: /Applications/Unity/PlaybackEngines/AndroidPlayer/UnityEditor.Android.Extensions.dll
Register platform support module: /Applications/Unity/PlaybackEngines/iOSSupport/UnityEditor.iOS.Extensions.dll
Register platform support module: /Applications/Unity/PlaybackEngines/WebGLSupport/UnityEditor.WebGL.Extensions.dll
Register platform support module: /Applications/Unity/Unity.app/Contents/PlaybackEngines/MacStandaloneSupport/UnityEditor.OSXStandalone.Extensions.dll
Registered in 0.005046 seconds.
Registering precompiled user dll's ...
Registered in 0.107126 seconds.
Refreshing native plugins compatible for Editor in 0.57 ms, found 5 plugins.
Preloading 2 native plugins for Editor in 65.71 ms.
Mono: successfully reloaded assembly
- Completed reload, in  3.018 seconds
Registering platform support modules:
Registered platform support modules in: 0.113573s.
Native extension for OSXStandalone target not found
Native extension for WebGL target not found
Native extension for iOS target not found
Refreshing native plugins compatible for Editor in 0.84 ms, found 5 plugins.
Native extension for Android target not found
Begin MonoManager ReloadAssembly
Refreshing native plugins compatible for Editor in 0.46 ms, found 5 plugins.
Preloading 2 native plugins for Editor in 1.55 ms.
Mono: successfully reloaded assembly
- Completed reload, in  0.994 seconds
Initializing Unity.PackageManager (PackageManager) v2018.2.0 for Unity v2018.2.0f2
Registering platform support modules:
Registered platform support modules in: 0.04607s.
Native extension for OSXStandalone target not found
Native extension for WebGL target not found
Native extension for iOS target not found
Refreshing native plugins compatible for Editor in 0.45 ms, found 5 plugins.
Native extension for Android target not found
Validating Project structure ... 0.000414 seconds.
Refresh: detecting if any assets need to be imported or removed ...
Refresh: elapses 0.014755 seconds (Nothing changed)
Refresh completed in 0.014785 seconds.
WARNING: Shader Unsupported: 'VR/SpatialMapping/Wireframe' - Pass '' has no vertex shader
WARNING: Shader Unsupported: 'VR/SpatialMapping/Wireframe' - Setting to default shader.
WARNING: Shader Unsupported: 'AR/TangoARRender' - Pass '' has no vertex shader
WARNING: Shader Unsupported: 'AR/TangoARRender' - Setting to default shader.
WARNING: Shader Unsupported: 'Hidden/VideoDecodeOSX' - Pass 'Flip_RGBARect_To_RGBA' has no vertex shader
WARNING: Shader Unsupported: 'Hidden/VideoDecodeOSX' - Setting to default shader.
WARNING: Shader Unsupported: 'Hidden/VideoDecodeAndroid' - Pass 'RGBAExternal_To_RGBA' has no vertex shader
WARNING: Shader Unsupported: 'Hidden/VideoDecodeAndroid' - Setting to default shader.
Warming cache for 533 main assets: 0.001207 seconds elapsed
Initializing Unity extensions:
 '/Applications/Unity/Unity.app/Contents/UnityExtensions/Unity/UnityHoloLens/Editor/UnityEditor.HoloLens.dll'  GUID: 12fd8a0055b84bb59e84c9835a37e333
 '/Applications/Unity/Unity.app/Contents/UnityExtensions/Unity/Timeline/Runtime/UnityEngine.Timeline.dll'  GUID: 6a10b2909283487f913b00d94cd3faf5
 '/Applications/Unity/Unity.app/Contents/UnityExtensions/Unity/TestRunner/portable/nunit.framework.dll'  GUID: 405b9b51bb344a128608d968297df79c
 '/Applications/Unity/Unity.app/Contents/UnityExtensions/Unity/GUISystem/Standalone/UnityEngine.UI.dll'  GUID: f70555f144d8491a825f0804e09c671c
 '/Applications/Unity/Unity.app/Contents/UnityExtensions/Unity/GUISystem/UnityEngine.UI.dll'  GUID: f5f67c52d1564df4a8936ccd202a3bd8
 '/Applications/Unity/Unity.app/Contents/UnityExtensions/Unity/Timeline/RuntimeEditor/UnityEngine.Timeline.dll'  GUID: 844f815391db42d49455cbf1a7bfc434
 '/Applications/Unity/Unity.app/Contents/UnityExtensions/Unity/Networking/Standalone/UnityEngine.Networking.dll'  GUID: dc443db3e92b4983b9738c1131f555cb
 '/Applications/Unity/Unity.app/Contents/UnityExtensions/Unity/UnitySpatialTracking/Runtime/UnityEngine.SpatialTracking.dll'  GUID: ed7343f30e3843b3afda8f8b02669cea
 '/Applications/Unity/Unity.app/Contents/UnityExtensions/Unity/UnityGoogleAudioSpatializer/Editor/UnityEditor.GoogleAudioSpatializer.dll'  GUID: 4a3ecb1425d14502837abea459cf2b70
 '/Applications/Unity/Unity.app/Contents/UnityExtensions/Unity/Networking/Editor/UnityEditor.Networking.dll'  GUID: 5f32cd94baa94578a686d4b9d6b660f7
 '/Applications/Unity/Unity.app/Contents/UnityExtensions/Unity/UnityHoloLens/Runtime/UnityEngine.HoloLens.dll'  GUID: f7b54ff4a43d4fcf81b4538b678e0bcc
 '/Applications/Unity/Unity.app/Contents/UnityExtensions/Unity/UnitySpatialTracking/Editor/UnityEditor.SpatialTracking.dll'  GUID: b5da970776034f77a070d99423d68791
 '/Applications/Unity/Unity.app/Contents/UnityExtensions/Unity/TreeEditor/Editor/UnityEditor.TreeEditor.dll'  GUID: adebbd281f1a4ef3a30be7f21937e02f
 '/Applications/Unity/Unity.app/Contents/UnityExtensions/Unity/Networking/UnityEngine.Networking.dll'  GUID: 870353891bb340e2b2a9c8707e7419ba
 '/Applications/Unity/Unity.app/Contents/UnityExtensions/Unity/TestRunner/UnityEngine.TestRunner.dll'  GUID: 53ebcfaa2e1e4e2dbc85882cd5a73fa1
 '/Applications/Unity/Unity.app/Contents/UnityExtensions/Unity/UnityGoogleAudioSpatializer/RuntimeEditor/UnityEngine.GoogleAudioSpatializer.dll'  GUID: ead147da21254ff9a0a936bdd75e1680
 '/Applications/Unity/Unity.app/Contents/UnityExtensions/Unity/UnityGoogleAudioSpatializer/Runtime/UnityEngine.GoogleAudioSpatializer.dll'  GUID: e4f4cf1b9b434137a499903a7a1d651a
 '/Applications/Unity/Unity.app/Contents/UnityExtensions/Unity/UnityVR/Editor/UnityEditor.VR.dll'  GUID: 4ba2329b63d54f0187bcaa12486b1b0f
 '/Applications/Unity/Unity.app/Contents/UnityExtensions/Unity/UnityHoloLens/RuntimeEditor/UnityEngine.HoloLens.dll'  GUID: 1c6d1fbb51834b64847b1b73a75bfc77
 '/Applications/Unity/Unity.app/Contents/UnityExtensions/Unity/UnitySpatialTracking/RuntimeEditor/UnityEngine.SpatialTracking.dll'  GUID: 3a84de5cd0624681b6b6dcd8921d912a
 '/Applications/Unity/Unity.app/Contents/UnityExtensions/Unity/GUISystem/Editor/UnityEditor.UI.dll'  GUID: 80a3616ca19596e4da0f10f14d241e9f
 '/Applications/Unity/Unity.app/Contents/UnityExtensions/Unity/TestRunner/Editor/UnityEditor.TestRunner.dll'  GUID: 4113173d5e95493ab8765d7b08371de4
 '/Applications/Unity/Unity.app/Contents/UnityExtensions/Unity/TestRunner/net35/unity-custom/nunit.framework.dll'  GUID: 4b3fa4bde7f1451a8218c03ee6a8ded8
 '/Applications/Unity/Unity.app/Contents/UnityExtensions/Unity/Timeline/Editor/UnityEditor.Timeline.dll'  GUID: 7668179ede524d6396c8b7d84461ea29
WARNING: Shader Unsupported: 'VR/SpatialMapping/Wireframe' - Pass '' has no vertex shader
WARNING: Shader Unsupported: 'VR/SpatialMapping/Wireframe' - Setting to default shader.
WARNING: Shader Unsupported: 'Hidden/VR/BlitTexArraySlice' - Pass '' has no vertex shader
WARNING: Shader Unsupported: 'Hidden/VR/BlitTexArraySlice' - Setting to default shader.
WARNING: Shader Unsupported: 'Particles/Standard Surface' - Pass 'ShadowCaster' has no vertex shader
WARNING: Shader Unsupported: 'Particles/Standard Surface' - Pass 'FORWARD' has no vertex shader
WARNING: Shader Unsupported: 'Particles/Standard Surface' - All passes removed
WARNING: Shader Unsupported: 'AR/TangoARRender' - Pass '' has no vertex shader
WARNING: Shader Unsupported: 'AR/TangoARRender' - Setting to default shader.
WARNING: Shader Unsupported: 'Hidden/VR/BlitTexArraySliceToDepth' - Pass '' has no vertex shader
WARNING: Shader Unsupported: 'Hidden/VR/BlitTexArraySliceToDepth' - Setting to default shader.
WARNING: Shader Unsupported: 'Standard (Roughness setup)' - Pass 'FORWARD' has no vertex shader
WARNING: Shader Unsupported: 'Standard (Roughness setup)' - Pass 'FORWARD_DELTA' has no vertex shader
WARNING: Shader Unsupported: 'Standard (Roughness setup)' - Pass 'ShadowCaster' has no vertex shader
WARNING: Shader Unsupported: 'Hidden/VR/BlitTexArraySliceToDepth_MSAA' - Pass '' has no vertex shader
WARNING: Shader Unsupported: 'Hidden/VR/BlitTexArraySliceToDepth_MSAA' - Setting to default shader.
WARNING: Shader Unsupported: 'Hidden/VideoDecodeOSX' - Pass 'Flip_RGBARect_To_RGBA' has no vertex shader
WARNING: Shader Unsupported: 'Hidden/VideoDecodeOSX' - Setting to default shader.
WARNING: Shader Unsupported: 'Hidden/BlitToDepth' - Pass '' has no vertex shader
WARNING: Shader Unsupported: 'Hidden/BlitToDepth' - Setting to default shader.
WARNING: Shader Unsupported: 'Hidden/VideoDecodeAndroid' - Pass 'RGBAExternal_To_RGBA' has no vertex shader
WARNING: Shader Unsupported: 'Hidden/VideoDecodeAndroid' - Setting to default shader.
WARNING: Shader Unsupported: 'Hidden/BlitToDepth_MSAA' - Pass '' has no vertex shader
WARNING: Shader Unsupported: 'Hidden/BlitToDepth_MSAA' - Setting to default shader.
Unloading 237 Unused Serialized files (Serialized files now loaded: 0)
System memory in use before: 293.7 MB.
System memory in use after: 292.8 MB.

Unloading 90 unused Assets to reduce memory usage. Loaded Objects now: 941.
Total: 5.288274 ms (FindLiveObjects: 2.592145 ms CreateObjectMapping: 0.020682 ms MarkObjects: 2.003614 ms  DeleteObjects: 0.671007 ms)

Refresh: detecting if any assets need to be imported or removed ...
Refresh: elapses 0.011342 seconds (Nothing changed)
Refresh completed in 0.011363 seconds.
- Starting compile Library/ScriptAssemblies/Unity.TextMeshPro.dll
- Starting compile Library/ScriptAssemblies/Unity.PackageManagerUI.Editor.dll
- Starting compile Library/ScriptAssemblies/UnityEditor.StandardEvents.dll
- Finished compile Library/ScriptAssemblies/UnityEditor.StandardEvents.dll
- Finished compile Library/ScriptAssemblies/Unity.PackageManagerUI.Editor.dll
- Finished compile Library/ScriptAssemblies/Unity.TextMeshPro.dll
Symbols will be read from Temp/Unity.TextMeshPro.dll.mdb
Script Module: Unity.TextMeshPro.dll
Pass: 0 took 46 milliseconds
Pass: 1 took 22 milliseconds
- Starting compile Library/ScriptAssemblies/Unity.TextMeshPro.Editor.dll
- Finished compile Library/ScriptAssemblies/Unity.TextMeshPro.Editor.dll
- Starting compile Library/ScriptAssemblies/Assembly-CSharp.dll
- Finished compile Library/ScriptAssemblies/Assembly-CSharp.dll
Symbols will be read from Temp/Assembly-CSharp.dll.mdb
Script Module: Assembly-CSharp.dll
Pass: 0 took 4 milliseconds
Pass: 1 took 3 milliseconds
- Starting compile Library/ScriptAssemblies/Assembly-CSharp-Editor.dll

-----Compiler Commandline Arguments:
Filename: /Applications/Unity/Unity.app/Contents/MonoBleedingEdge/bin/mono
Arguments: '/Applications/Unity/Unity.app/Contents/MonoBleedingEdge/lib/mono/4.5/mcs.exe'  @Temp/UnityTempFile-4b27a2d0f09f34631a1694c1eef0afab
index: 81
Responsefile: Temp/UnityTempFile-4b27a2d0f09f34631a1694c1eef0afab Contents: 
-debug
-target:library
-nowarn:0169
-langversion:4
-out:'Temp/Assembly-CSharp-Editor.dll'
-nostdlib
-r:'Library/ScriptAssemblies/Assembly-CSharp.dll'
-r:'Library/ScriptAssemblies/UnityEditor.StandardEvents.dll'
-r:'Library/ScriptAssemblies/Unity.TextMeshPro.Editor.dll'
-r:'Library/ScriptAssemblies/Unity.PackageManagerUI.Editor.dll'
-r:'Library/ScriptAssemblies/Unity.TextMeshPro.dll'
-r:'/Applications/Unity/Unity.app/Contents/Managed/UnityEngine/UnityEngine.dll'
-r:'/Applications/Unity/Unity.app/Contents/Managed/UnityEngine/UnityEngine.AIModule.dll'
-r:'/Applications/Unity/Unity.app/Contents/Managed/UnityEngine/UnityEngine.ARModule.dll'
-r:'/Applications/Unity/Unity.app/Contents/Managed/UnityEngine/UnityEngine.AccessibilityModule.dll'
-r:'/Applications/Unity/Unity.app/Contents/Managed/UnityEngine/UnityEngine.AnimationModule.dll'
-r:'/Applications/Unity/Unity.app/Contents/Managed/UnityEngine/UnityEngine.AssetBundleModule.dll'
-r:'/Applications/Unity/Unity.app/Contents/Managed/UnityEngine/UnityEngine.AudioModule.dll'
-r:'/Applications/Unity/Unity.app/Contents/Managed/UnityEngine/UnityEngine.BaselibModule.dll'
-r:'/Applications/Unity/Unity.app/Contents/Managed/UnityEngine/UnityEngine.ClothModule.dll'
-r:'/Applications/Unity/Unity.app/Contents/Managed/UnityEngine/UnityEngine.CloudWebServicesModule.dll'
-r:'/Applications/Unity/Unity.app/Contents/Managed/UnityEngine/UnityEngine.ClusterInputModule.dll'
-r:'/Applications/Unity/Unity.app/Contents/Managed/UnityEngine/UnityEngine.ClusterRendererModule.dll'
-r:'/Applications/Unity/Unity.app/Contents/Managed/UnityEngine/UnityEngine.CoreModule.dll'
-r:'/Applications/Unity/Unity.app/Contents/Managed/UnityEngine/UnityEngine.CrashReportingModule.dll'
-r:'/Applications/Unity/Unity.app/Contents/Managed/UnityEngine/UnityEngine.DirectorModule.dll'
-r:'/Applications/Unity/Unity.app/Contents/Managed/UnityEngine/UnityEngine.FacebookModule.dll'
-r:'/Applications/Unity/Unity.app/Contents/Managed/UnityEngine/UnityEngine.FileSystemHttpModule.dll'
-r:'/Applications/Unity/Unity.app/Contents/Managed/UnityEngine/UnityEngine.GameCenterModule.dll'
-r:'/Applications/Unity/Unity.app/Contents/Managed/UnityEngine/UnityEngine.GridModule.dll'
-r:'/Applications/Unity/Unity.app/Contents/Managed/UnityEngine/UnityEngine.HotReloadModule.dll'
-r:'/Applications/Unity/Unity.app/Contents/Managed/UnityEngine/UnityEngine.IMGUIModule.dll'
-r:'/Applications/Unity/Unity.app/Contents/Managed/UnityEngine/UnityEngine.ImageConversionModule.dll'
-r:'/Applications/Unity/Unity.app/Contents/Managed/UnityEngine/UnityEngine.InputModule.dll'
-r:'/Applications/Unity/Unity.app/Contents/Managed/UnityEngine/UnityEngine.JSONSerializeModule.dll'
-r:'/Applications/Unity/Unity.app/Contents/Managed/UnityEngine/UnityEngine.LocalizationModule.dll'
-r:'/Applications/Unity/Unity.app/Contents/Managed/UnityEngine/UnityEngine.ParticleSystemModule.dll'
-r:'/Applications/Unity/Unity.app/Contents/Managed/UnityEngine/UnityEngine.ParticlesLegacyModule.dll'
-r:'/Applications/Unity/Unity.app/Contents/Managed/UnityEngine/UnityEngine.PerformanceReportingModule.dll'
-r:'/Applications/Unity/Unity.app/Contents/Managed/UnityEngine/UnityEngine.PhysicsModule.dll'
-r:'/Applications/Unity/Unity.app/Contents/Managed/UnityEngine/UnityEngine.Physics2DModule.dll'
-r:'/Applications/Unity/Unity.app/Contents/Managed/UnityEngine/UnityEngine.ProfilerModule.dll'
-r:'/Applications/Unity/Unity.app/Contents/Managed/UnityEngine/UnityEngine.ScreenCaptureModule.dll'
-r:'/Applications/Unity/Unity.app/Contents/Managed/UnityEngine/UnityEngine.SharedInternalsModule.dll'
-r:'/Applications/Unity/Unity.app/Contents/Managed/UnityEngine/UnityEngine.SpatialTrackingModule.dll'
-r:'/Applications/Unity/Unity.app/Contents/Managed/UnityEngine/UnityEngine.SpriteMaskModule.dll'
-r:'/Applications/Unity/Unity.app/Contents/Managed/UnityEngine/UnityEngine.SpriteShapeModule.dll'
-r:'/Applications/Unity/Unity.app/Contents/Managed/UnityEngine/UnityEngine.StreamingModule.dll'
-r:'/Applications/Unity/Unity.app/Contents/Managed/UnityEngine/UnityEngine.StyleSheetsModule.dll'
-r:'/Applications/Unity/Unity.app/Contents/Managed/UnityEngine/UnityEngine.SubstanceModule.dll'
-r:'/Applications/Unity/Unity.app/Contents/Managed/UnityEngine/UnityEngine.TLSModule.dll'
-r:'/Applications/Unity/Unity.app/Contents/Managed/UnityEngine/UnityEngine.TerrainModule.dll'
-r:'/Applications/Unity/Unity.app/Contents/Managed/UnityEngine/UnityEngine.TerrainPhysicsModule.dll'
-r:'/Applications/Unity/Unity.app/Contents/Managed/UnityEngine/UnityEngine.TextRenderingModule.dll'
-r:'/Applications/Unity/Unity.app/Contents/Managed/UnityEngine/UnityEngine.TilemapModule.dll'
-r:'/Applications/Unity/Unity.app/Contents/Managed/UnityEngine/UnityEngine.TimelineModule.dll'
-r:'/Applications/Unity/Unity.app/Contents/Managed/UnityEngine/UnityEngine.UIModule.dll'
-r:'/Applications/Unity/Unity.app/Contents/Managed/UnityEngine/UnityEngine.UIElementsModule.dll'
-r:'/Applications/Unity/Unity.app/Contents/Managed/UnityEngine/UnityEngine.UNETModule.dll'
-r:'/Applications/Unity/Unity.app/Contents/Managed/UnityEngine/UnityEngine.UmbraModule.dll'
-r:'/Applications/Unity/Unity.app/Contents/Managed/UnityEngine/UnityEngine.UnityAnalyticsModule.dll'
-r:'/Applications/Unity/Unity.app/Contents/Managed/UnityEngine/UnityEngine.UnityConnectModule.dll'
-r:'/Applications/Unity/Unity.app/Contents/Managed/UnityEngine/UnityEngine.UnityWebRequestModule.dll'
-r:'/Applications/Unity/Unity.app/Contents/Managed/UnityEngine/UnityEngine.UnityWebRequestAssetBundleModule.dll'
-r:'/Applications/Unity/Unity.app/Contents/Managed/UnityEngine/UnityEngine.UnityWebRequestAudioModule.dll'
-r:'/Applications/Unity/Unity.app/Contents/Managed/UnityEngine/UnityEngine.UnityWebRequestTextureModule.dll'
-r:'/Applications/Unity/Unity.app/Contents/Managed/UnityEngine/UnityEngine.UnityWebRequestWWWModule.dll'
-r:'/Applications/Unity/Unity.app/Contents/Managed/UnityEngine/UnityEngine.VRModule.dll'
-r:'/Applications/Unity/Unity.app/Contents/Managed/UnityEngine/UnityEngine.VehiclesModule.dll'
-r:'/Applications/Unity/Unity.app/Contents/Managed/UnityEngine/UnityEngine.VideoModule.dll'
-r:'/Applications/Unity/PlaybackEngines/WebGLSupport/Managed/UnityEngine.WebGLModule.dll'
-r:'/Applications/Unity/Unity.app/Contents/Managed/UnityEngine/UnityEngine.WindModule.dll'
-r:'/Applications/Unity/Unity.app/Contents/Managed/UnityEngine/UnityEngine.XRModule.dll'
-r:'/Applications/Unity/Unity.app/Contents/Managed/UnityEditor.dll'
-r:'/Applications/Unity/Unity.app/Contents/Managed/Unity.Locator.dll'
-r:'/Applications/Unity/Unity.app/Contents/UnityExtensions/Unity/GUISystem/UnityEngine.UI.dll'
-r:'/Applications/Unity/Unity.app/Contents/UnityExtensions/Unity/GUISystem/Editor/UnityEditor.UI.dll'
-r:'/Applications/Unity/Unity.app/Contents/UnityExtensions/Unity/TestRunner/Editor/UnityEditor.TestRunner.dll'
-r:'/Applications/Unity/Unity.app/Contents/UnityExtensions/Unity/TestRunner/UnityEngine.TestRunner.dll'
-r:'/Applications/Unity/Unity.app/Contents/UnityExtensions/Unity/TestRunner/net35/unity-custom/nunit.framework.dll'
-r:'/Applications/Unity/Unity.app/Contents/UnityExtensions/Unity/Timeline/RuntimeEditor/UnityEngine.Timeline.dll'
-r:'/Applications/Unity/Unity.app/Contents/UnityExtensions/Unity/Timeline/Editor/UnityEditor.Timeline.dll'
-r:'/Applications/Unity/Unity.app/Contents/UnityExtensions/Unity/TreeEditor/Editor/UnityEditor.TreeEditor.dll'
-r:'/Applications/Unity/Unity.app/Contents/UnityExtensions/Unity/Networking/UnityEngine.Networking.dll'
-r:'/Applications/Unity/Unity.app/Contents/UnityExtensions/Unity/Networking/Editor/UnityEditor.Networking.dll'
-r:'/Applications/Unity/Unity.app/Contents/UnityExtensions/Unity/UnityGoogleAudioSpatializer/Editor/UnityEditor.GoogleAudioSpatializer.dll'
-r:'/Applications/Unity/Unity.app/Contents/UnityExtensions/Unity/UnityGoogleAudioSpatializer/RuntimeEditor/UnityEngine.GoogleAudioSpatializer.dll'
-r:'/Applications/Unity/Unity.app/Contents/UnityExtensions/Unity/UnityHoloLens/Editor/UnityEditor.HoloLens.dll'
-r:'/Applications/Unity/Unity.app/Contents/UnityExtensions/Unity/UnityHoloLens/RuntimeEditor/UnityEngine.HoloLens.dll'
-r:'/Applications/Unity/Unity.app/Contents/UnityExtensions/Unity/UnitySpatialTracking/Editor/UnityEditor.SpatialTracking.dll'
-r:'/Applications/Unity/Unity.app/Contents/UnityExtensions/Unity/UnitySpatialTracking/RuntimeEditor/UnityEngine.SpatialTracking.dll'
-r:'/Applications/Unity/Unity.app/Contents/UnityExtensions/Unity/UnityVR/Editor/UnityEditor.VR.dll'
-r:'/Applications/Unity/Unity.app/Contents/Managed/UnityEditor.Graphs.dll'
-r:'/Applications/Unity/PlaybackEngines/AndroidPlayer/UnityEditor.Android.Extensions.dll'
-r:'/Applications/Unity/PlaybackEngines/iOSSupport/UnityEditor.iOS.Extensions.dll'
-r:'/Applications/Unity/PlaybackEngines/WebGLSupport/UnityEditor.WebGL.Extensions.dll'
-r:'/Applications/Unity/Unity.app/Contents/PlaybackEngines/MacStandaloneSupport/UnityEditor.OSXStandalone.Extensions.dll'
-r:'/Users/k_takeda/Library/Unity/cache/packages/packages.unity.com/com.unity.ads@2.0.8/Editor/UnityEditor.Advertisements.dll'
-r:'/Users/k_takeda/Library/Unity/cache/packages/packages.unity.com/com.unity.analytics@2.0.16/UnityEngine.Analytics.dll'
-r:'/Users/k_takeda/Library/Unity/cache/packages/packages.unity.com/com.unity.analytics@2.0.16/Editor/UnityEditor.Analytics.dll'
-r:'/Users/k_takeda/Library/Unity/cache/packages/packages.unity.com/com.unity.purchasing@2.0.3/Editor/UnityEditor.Purchasing.dll'
-r:'/Users/k_takeda/Library/Unity/cache/packages/packages.unity.com/com.unity.standardevents@1.0.13/UnityEngine.StandardEvents.dll'
-r:'/Applications/Unity/PlaybackEngines/iOSSupport/UnityEditor.iOS.Extensions.Xcode.dll'
-r:'/Applications/Unity/PlaybackEngines/iOSSupport/UnityEditor.iOS.Extensions.Common.dll'
-r:'/Applications/Unity/Unity.app/Contents/MonoBleedingEdge/lib/mono/2.0-api/mscorlib.dll'
-r:'/Applications/Unity/Unity.app/Contents/MonoBleedingEdge/lib/mono/2.0-api/System.dll'
-r:'/Applications/Unity/Unity.app/Contents/MonoBleedingEdge/lib/mono/2.0-api/System.Core.dll'
-r:'/Applications/Unity/Unity.app/Contents/MonoBleedingEdge/lib/mono/2.0-api/System.Runtime.Serialization.dll'
-r:'/Applications/Unity/Unity.app/Contents/MonoBleedingEdge/lib/mono/2.0-api/System.Xml.dll'
-r:'/Applications/Unity/Unity.app/Contents/MonoBleedingEdge/lib/mono/2.0-api/System.Xml.Linq.dll'
-r:'/Applications/Unity/Unity.app/Contents/MonoBleedingEdge/lib/mono/2.0-api/UnityScript.dll'
-r:'/Applications/Unity/Unity.app/Contents/MonoBleedingEdge/lib/mono/2.0-api/UnityScript.Lang.dll'
-r:'/Applications/Unity/Unity.app/Contents/MonoBleedingEdge/lib/mono/2.0-api/Boo.Lang.dll'
-define:UNITY_5_3_OR_NEWER
-define:UNITY_5_4_OR_NEWER
-define:UNITY_5_5_OR_NEWER
-define:UNITY_5_6_OR_NEWER
-define:UNITY_2017_1_OR_NEWER
-define:UNITY_2017_2_OR_NEWER
-define:UNITY_2017_3_OR_NEWER
-define:UNITY_2017_4_OR_NEWER
-define:UNITY_2018_1_OR_NEWER
-define:UNITY_2018_2_OR_NEWER
-define:UNITY_2018_2_0
-define:UNITY_2018_2
-define:UNITY_2018
-define:UNITY_ANALYTICS
-define:ENABLE_AUDIO
-define:ENABLE_CACHING
-define:ENABLE_CLOTH
-define:ENABLE_MULTIPLE_DISPLAYS
-define:ENABLE_PHYSICS
-define:ENABLE_SPRITES
-define:ENABLE_GRID
-define:ENABLE_TILEMAP
-define:ENABLE_TERRAIN
-define:ENABLE_TEXTURE_STREAMING
-define:ENABLE_DIRECTOR
-define:ENABLE_UNET
-define:ENABLE_UNITYEVENTS
-define:ENABLE_WEBCAM
-define:ENABLE_WWW
-define:ENABLE_CLOUD_SERVICES_COLLAB
-define:ENABLE_CLOUD_SERVICES_COLLAB_SOFTLOCKS
-define:ENABLE_CLOUD_HUB
-define:ENABLE_CLOUD_PROJECT_ID
-define:ENABLE_CLOUD_SERVICES_USE_WEBREQUEST
-define:ENABLE_CLOUD_SERVICES_UNET
-define:ENABLE_CLOUD_SERVICES_BUILD
-define:ENABLE_CLOUD_LICENSE
-define:ENABLE_EDITOR_HUB
-define:ENABLE_EDITOR_HUB_LICENSE
-define:ENABLE_WEBSOCKET_CLIENT
-define:ENABLE_DIRECTOR_AUDIO
-define:ENABLE_DIRECTOR_TEXTURE
-define:ENABLE_TIMELINE
-define:ENABLE_EDITOR_METRICS
-define:ENABLE_EDITOR_METRICS_CACHING
-define:ENABLE_MANAGED_JOBS
-define:ENABLE_MANAGED_TRANSFORM_JOBS
-define:ENABLE_MANAGED_ANIMATION_JOBS
-define:INCLUDE_DYNAMIC_GI
-define:INCLUDE_GI
-define:ENABLE_MONO_BDWGC
-define:RENDER_SOFTWARE_CURSOR
-define:INCLUDE_PUBNUB
-define:ENABLE_VIDEO
-define:ENABLE_PACKMAN
-define:ENABLE_CUSTOM_RENDER_TEXTURE
-define:ENABLE_LOCALIZATION
-define:PLATFORM_WEBGL
-define:UNITY_WEBGL
-define:UNITY_WEBGL_API
-define:UNITY_DISABLE_WEB_VERIFICATION
-define:UNITY_GFX_USE_PLATFORM_VSYNC
-define:ENABLE_CRUNCH_TEXTURE_COMPRESSION
-define:ENABLE_UNITYWEBREQUEST
-define:ENABLE_CLOUD_SERVICES
-define:ENABLE_CLOUD_SERVICES_ADS
-define:ENABLE_CLOUD_SERVICES_ANALYTICS
-define:ENABLE_CLOUD_SERVICES_PURCHASING
-define:ENABLE_CLOUD_SERVICES_CRASH_REPORTING
-define:ENABLE_VR
-define:ENABLE_SPATIALTRACKING
-define:ENABLE_IL2CPP
-define:NET_2_0_SUBSET
-define:ENABLE_PROFILER
-define:DEBUG
-define:TRACE
-define:UNITY_ASSERTIONS
-define:UNITY_EDITOR
-define:UNITY_EDITOR_64
-define:UNITY_EDITOR_OSX
-define:ENABLE_UNITY_COLLECTIONS_CHECKS
-define:ENABLE_BURST_AOT
-define:UNITY_TEAM_LICENSE
'Assets/Editor/MyBuilder.cs'
-lib:'/Applications/Unity/Unity.app/Contents/MonoBleedingEdge/lib/mono/2.0-api'

-----CompilerOutput:-stdout--exitcode: 0--compilationhadfailure: False--outfile: Temp/Assembly-CSharp-Editor.dll
Compilation succeeded - 4 warning(s)
-----CompilerOutput:-stderr----------
Assets/Editor/MyBuilder.cs(12,33): warning CS0618: `UnityEditor.EditorUserBuildSettings.SwitchActiveBuildTarget(UnityEditor.BuildTarget)' is obsolete: `Please use SwitchActiveBuildTarget(BuildTargetGroup targetGroup, BuildTarget target)'
Assets/Editor/MyBuilder.cs(39,33): warning CS0618: `UnityEditor.EditorUserBuildSettings.SwitchActiveBuildTarget(UnityEditor.BuildTarget)' is obsolete: `Please use SwitchActiveBuildTarget(BuildTargetGroup targetGroup, BuildTarget target)'
Assets/Editor/MyBuilder.cs(82,33): warning CS0618: `UnityEditor.EditorUserBuildSettings.SwitchActiveBuildTarget(UnityEditor.BuildTarget)' is obsolete: `Please use SwitchActiveBuildTarget(BuildTargetGroup targetGroup, BuildTarget target)'
Assets/Editor/MyBuilder.cs(125,33): warning CS0618: `UnityEditor.EditorUserBuildSettings.SwitchActiveBuildTarget(UnityEditor.BuildTarget)' is obsolete: `Please use SwitchActiveBuildTarget(BuildTargetGroup targetGroup, BuildTarget target)'
-----EndCompilerOutput---------------
- Finished compile Library/ScriptAssemblies/Assembly-CSharp-Editor.dll
Assets/Editor/MyBuilder.cs(12,33): warning CS0618: `UnityEditor.EditorUserBuildSettings.SwitchActiveBuildTarget(UnityEditor.BuildTarget)' is obsolete: `Please use SwitchActiveBuildTarget(BuildTargetGroup targetGroup, BuildTarget target)'
 
(Filename: Assets/Editor/MyBuilder.cs Line: 12)

Assets/Editor/MyBuilder.cs(39,33): warning CS0618: `UnityEditor.EditorUserBuildSettings.SwitchActiveBuildTarget(UnityEditor.BuildTarget)' is obsolete: `Please use SwitchActiveBuildTarget(BuildTargetGroup targetGroup, BuildTarget target)'
 
(Filename: Assets/Editor/MyBuilder.cs Line: 39)

Assets/Editor/MyBuilder.cs(82,33): warning CS0618: `UnityEditor.EditorUserBuildSettings.SwitchActiveBuildTarget(UnityEditor.BuildTarget)' is obsolete: `Please use SwitchActiveBuildTarget(BuildTargetGroup targetGroup, BuildTarget target)'
 
(Filename: Assets/Editor/MyBuilder.cs Line: 82)

Assets/Editor/MyBuilder.cs(125,33): warning CS0618: `UnityEditor.EditorUserBuildSettings.SwitchActiveBuildTarget(UnityEditor.BuildTarget)' is obsolete: `Please use SwitchActiveBuildTarget(BuildTargetGroup targetGroup, BuildTarget target)'
 
(Filename: Assets/Editor/MyBuilder.cs Line: 125)

Reloading assemblies after script compilation.
Begin MonoManager ReloadAssembly
Refreshing native plugins compatible for Editor in 6.41 ms, found 5 plugins.
Preloading 2 native plugins for Editor in 1.78 ms.
Mono: successfully reloaded assembly
Refreshing native plugins compatible for Editor in 0.62 ms, found 5 plugins.
Preloading 2 native plugins for Editor in 2.21 ms.

----- Total AssetImport time: 0.121492s, AssetImport time: 0.000014s, Asset hashing: 0.000000s [0 B, 0.000000 mb/s]

- Completed reload, in  1.255 seconds
Initializing Unity.PackageManager (PackageManager) v2018.2.0 for Unity v2018.2.0f2
Registering platform support modules:
Registered platform support modules in: 0.042334s.
Native extension for OSXStandalone target not found
Native extension for WebGL target not found
Native extension for iOS target not found
Native extension for Android target not found
PlayerSettings.applicationIdentifier only changes the identifier for the currently active platform. Please use SetApplicationIdentifier to set it for any platform
UnityEngine.DebugLogHandler:Internal_Log(LogType, String, Object)
UnityEngine.DebugLogHandler:LogFormat(LogType, Object, String, Object[])
UnityEngine.Logger:Log(LogType, Object)
UnityEngine.Debug:LogWarning(Object)
UnityEditor.PlayerSettings:set_applicationIdentifier(String) (at /Users/builduser/buildslave/unity/build/artifacts/generated/bindings_old/common/Editor/PlayerSettingsBindings.gen.cs:1303)
MyBuilder:BuildProjectAllSceneWebGL() (at Assets/Editor/MyBuilder.cs:146)
 
(Filename: /Users/builduser/buildslave/unity/build/artifacts/generated/bindings_old/common/Editor/PlayerSettingsBindings.gen.cs Line: 1303)

Updating ProjectSettings/ProjectSettings.asset - GUID: 00000000000000004000000000000000...
 done. [Time: 67.681839 ms] 
Refreshing native plugins compatible for Editor in 0.46 ms, found 5 plugins.
Preloading 2 native plugins for Editor in 1.56 ms.

----- Total AssetImport time: 0.212563s, AssetImport time: 0.109590s, Asset hashing: 0.000000s [0 B, 0.000000 mb/s]

BuildPlayer: start building target 20
- Starting compile Library/ScriptAssemblies/Unity.TextMeshPro.dll
- Finished compile Library/ScriptAssemblies/Unity.TextMeshPro.dll
Symbols will be read from Temp/Unity.TextMeshPro.dll.mdb
Script Module: Unity.TextMeshPro.dll
Pass: 0 took 17 milliseconds
Pass: 1 took 13 milliseconds
- Starting compile Library/ScriptAssemblies/Assembly-CSharp.dll
- Finished compile Library/ScriptAssemblies/Assembly-CSharp.dll
Symbols will be read from Temp/Assembly-CSharp.dll.mdb
Script Module: Assembly-CSharp.dll
Pass: 0 took 4 milliseconds
Pass: 1 took 0 milliseconds
DisplayProgressbar: Building Player
WARNING: Shader Unsupported: 'Hidden/BlitToDepth' - Pass '' has no vertex shader
WARNING: Shader Unsupported: 'Hidden/BlitToDepth' - Setting to default shader.
WARNING: Shader Unsupported: 'Hidden/BlitToDepth_MSAA' - Pass '' has no vertex shader
WARNING: Shader Unsupported: 'Hidden/BlitToDepth_MSAA' - Setting to default shader.
Opening scene 'Assets/Scenes/SampleScene.unity'
Load scene 'Assets/Scenes/SampleScene.unity' time: 0.423082 ms 
Unloading 15 Unused Serialized files (Serialized files now loaded: 0)
System memory in use before: 295.6 MB.
System memory in use after: 295.4 MB.

Unloading 24 unused Assets to reduce memory usage. Loaded Objects now: 978.
Total: 11.435246 ms (FindLiveObjects: 0.732641 ms CreateObjectMapping: 0.069478 ms MarkObjects: 10.375347 ms  DeleteObjects: 0.256915 ms)

WARNING: Shader Unsupported: 'Hidden/BlitToDepth' - Pass '' has no vertex shader
WARNING: Shader Unsupported: 'Hidden/BlitToDepth' - Setting to default shader.
WARNING: Shader Unsupported: 'Hidden/BlitToDepth_MSAA' - Pass '' has no vertex shader
WARNING: Shader Unsupported: 'Hidden/BlitToDepth_MSAA' - Setting to default shader.


Mono dependencies included in the build
Dependency assembly - Mono.Security.dll
Dependency assembly - System.Core.dll
Dependency assembly - System.dll
Dependency assembly - mscorlib.dll
Dependency assembly - UnityEngine.UI.dll
Dependency assembly - UnityEngine.Networking.dll
Dependency assembly - UnityEngine.Timeline.dll
Dependency assembly - Assembly-CSharp.dll
Dependency assembly - Unity.TextMeshPro.dll
Dependency assembly - UnityEngine.Analytics.dll
Dependency assembly - UnityEngine.StandardEvents.dll

Unloading 13 Unused Serialized files (Serialized files now loaded: 0)
System memory in use before: 301.0 MB.
System memory in use after: 300.8 MB.

Unloading 27 unused Assets to reduce memory usage. Loaded Objects now: 956.
Total: 10.180920 ms (FindLiveObjects: 1.054382 ms CreateObjectMapping: 0.046425 ms MarkObjects: 8.800296 ms  DeleteObjects: 0.278726 ms)

Setting up 1 worker threads for Enlighten.
Unloading 0 Unused Serialized files (Serialized files now loaded: 0)
  Thread -> id: 7000040e5000 -> priority: 1 
System memory in use before: 300.5 MB.
System memory in use after: 300.5 MB.

Unloading 0 unused Assets to reduce memory usage. Loaded Objects now: 964.
Total: 7.841003 ms (FindLiveObjects: 0.686071 ms CreateObjectMapping: 0.025850 ms MarkObjects: 7.124586 ms  DeleteObjects: 0.003558 ms)

WARNING: Shader Unsupported: 'Hidden/BlitToDepth' - Pass '' has no vertex shader
WARNING: Shader Unsupported: 'Hidden/BlitToDepth' - Setting to default shader.
WARNING: Shader Unsupported: 'Hidden/BlitToDepth_MSAA' - Pass '' has no vertex shader
WARNING: Shader Unsupported: 'Hidden/BlitToDepth_MSAA' - Setting to default shader.
WARNING: Shader Unsupported: 'VR/SpatialMapping/Wireframe' - Pass '' has no vertex shader
WARNING: Shader Unsupported: 'VR/SpatialMapping/Wireframe' - Setting to default shader.
WARNING: Shader Unsupported: 'Hidden/VR/BlitTexArraySlice' - Pass '' has no vertex shader
WARNING: Shader Unsupported: 'Hidden/VR/BlitTexArraySlice' - Setting to default shader.
WARNING: Shader Unsupported: 'Hidden/VR/BlitTexArraySliceToDepth' - Pass '' has no vertex shader
WARNING: Shader Unsupported: 'Hidden/VR/BlitTexArraySliceToDepth' - Setting to default shader.
WARNING: Shader Unsupported: 'Hidden/VR/BlitTexArraySliceToDepth_MSAA' - Pass '' has no vertex shader
WARNING: Shader Unsupported: 'Hidden/VR/BlitTexArraySliceToDepth_MSAA' - Setting to default shader.
WARNING: Shader Unsupported: 'AR/TangoARRender' - Pass '' has no vertex shader
WARNING: Shader Unsupported: 'AR/TangoARRender' - Setting to default shader.
WARNING: Shader Unsupported: 'Hidden/VideoDecodeOSX' - Pass 'Flip_RGBARect_To_RGBA' has no vertex shader
WARNING: Shader Unsupported: 'Hidden/VideoDecodeOSX' - Setting to default shader.
WARNING: Shader Unsupported: 'Hidden/VideoDecodeAndroid' - Pass 'RGBAExternal_To_RGBA' has no vertex shader
WARNING: Shader Unsupported: 'Hidden/VideoDecodeAndroid' - Setting to default shader.
Unloading 1 Unused Serialized files (Serialized files now loaded: 0)
System memory in use before: 301.7 MB.
System memory in use after: 300.7 MB.

Unloading 65 unused Assets to reduce memory usage. Loaded Objects now: 956.
Total: 8.773912 ms (FindLiveObjects: 0.666759 ms CreateObjectMapping: 0.029322 ms MarkObjects: 7.347706 ms  DeleteObjects: 0.729027 ms)

WARNING: Shader Unsupported: 'Hidden/BlitToDepth' - Pass '' has no vertex shader
WARNING: Shader Unsupported: 'Hidden/BlitToDepth' - Setting to default shader.
WARNING: Shader Unsupported: 'Hidden/BlitToDepth_MSAA' - Pass '' has no vertex shader
WARNING: Shader Unsupported: 'Hidden/BlitToDepth_MSAA' - Setting to default shader.
Launched and connected shader compiler UnityShaderCompiler after 0.07 seconds
Launched and connected shader compiler UnityShaderCompiler after 0.03 seconds
Launched and connected shader compiler UnityShaderCompiler after 0.04 seconds
Launched and connected shader compiler UnityShaderCompiler after 0.05 seconds

***Player size statistics***
Level 0 'Assets/Scenes/SampleScene.unity' uses 128.4 KB compressed / 362.6 KB uncompressed.
Total compressed size 128.6 KB. Total uncompressed size 362.6 KB.
DisplayProgressbar: Scripting
DisplayProgressbar: Building Player
Invoking UnityLinker with arguments: -out="/Users/k_takeda/works/unity_projects/zakuro_ran/Temp/StagingArea/Data/Managed/tempStrip" -x="/Applications/Unity/PlaybackEngines/WebGLSupport/Whitelists/Core.xml" -x "/var/folders/wl/ryrn9g891tq2g50rpq6sq4wh0000gp/T/tmp6fd6cee8.tmp" -x "/var/folders/wl/ryrn9g891tq2g50rpq6sq4wh0000gp/T/tmp46aac92b.tmp" -x "/var/folders/wl/ryrn9g891tq2g50rpq6sq4wh0000gp/T/tmp7fce1d8b.tmp" -d "/Users/k_takeda/works/unity_projects/zakuro_ran/Temp/StagingArea/Data/Managed" -a  "/Users/k_takeda/works/unity_projects/zakuro_ran/Temp/StagingArea/Data/Managed/Assembly-CSharp.dll" -a  "/Users/k_takeda/works/unity_projects/zakuro_ran/Temp/StagingArea/Data/Managed/UnityEngine.Analytics.dll" --dotnetruntime=il2cpp --dotnetprofile=legacyunity --use-editor-options
/Applications/Unity/Unity.app/Contents/il2cpp/build/UnityLinker.exe exited after 2658 ms.
/Applications/Unity/Unity.app/Contents/Tools/InternalCallRegistrationWriter/InternalCallRegistrationWriter.exe exited after 247 ms.
DisplayProgressbar: Fetching assembly references
DisplayProgressbar: Building Player
Invoking UnityLinker with arguments: -out="/Users/k_takeda/works/unity_projects/zakuro_ran/Temp/StagingArea/Data/Managed/tempStrip" -x="/Applications/Unity/PlaybackEngines/WebGLSupport/Whitelists/Core.xml" -x "/var/folders/wl/ryrn9g891tq2g50rpq6sq4wh0000gp/T/tmp6fd6cee8.tmp" -x "/var/folders/wl/ryrn9g891tq2g50rpq6sq4wh0000gp/T/tmp46aac92b.tmp" -x "/var/folders/wl/ryrn9g891tq2g50rpq6sq4wh0000gp/T/tmp7fce1d8b.tmp" -x "/Applications/Unity/PlaybackEngines/WebGLSupport/Whitelists/Audio.xml" -x "/Applications/Unity/PlaybackEngines/WebGLSupport/Whitelists/CloudWebServices.xml" -x "/Applications/Unity/PlaybackEngines/WebGLSupport/Whitelists/Core.xml" -x "/Applications/Unity/PlaybackEngines/WebGLSupport/Whitelists/PerformanceReporting.xml" -x "/Applications/Unity/PlaybackEngines/WebGLSupport/Whitelists/Physics2D.xml" -x "/Applications/Unity/PlaybackEngines/WebGLSupport/Whitelists/UnityAnalytics.xml" -x "/Applications/Unity/PlaybackEngines/WebGLSupport/Whitelists/UnityConnect.xml" -x "/Applications/Unity/PlaybackEngines/WebGLSupport/Whitelists/SharedInternals.xml" -x "/Applications/Unity/PlaybackEngines/WebGLSupport/Whitelists/JSONSerialize.xml" -x "/Applications/Unity/PlaybackEngines/WebGLSupport/Whitelists/UnityWebRequest.xml" -x "/Applications/Unity/PlaybackEngines/WebGLSupport/Whitelists/TLS.xml" -x "/Applications/Unity/PlaybackEngines/WebGLSupport/Whitelists/WebGL.xml" -d "/Users/k_takeda/works/unity_projects/zakuro_ran/Temp/StagingArea/Data/Managed" -a  "/Users/k_takeda/works/unity_projects/zakuro_ran/Temp/StagingArea/Data/Managed/Assembly-CSharp.dll" -a  "/Users/k_takeda/works/unity_projects/zakuro_ran/Temp/StagingArea/Data/Managed/UnityEngine.Analytics.dll" --dotnetruntime=il2cpp --dotnetprofile=legacyunity --use-editor-options
/Applications/Unity/Unity.app/Contents/il2cpp/build/UnityLinker.exe exited after 2094 ms.
/Applications/Unity/Unity.app/Contents/Tools/InternalCallRegistrationWriter/InternalCallRegistrationWriter.exe exited after 273 ms.
DisplayProgressbar: Fetching assembly references
DisplayProgressbar: Building Player
Invoking il2cpp with arguments: --convert-to-cpp --compile-cpp --libil2cpp-static --platform="WebGL" --architecture="EmscriptenJavaScript" --configuration="Release" --outputpath="/Users/k_takeda/works/unity_projects/zakuro_ran/Assets /../Temp/StagingArea/Data/Native/build.bc" --cachedirectory="/Users/k_takeda/works/unity_projects/zakuro_ran/Assets/../Library/il2cpp_cache" --compiler-flags="-Oz -DIL2CPP_EXCEPTION_DISABLED=1 " --emit-method-map --additional-libraries="/Applications/Unity/PlaybackEngines/WebGLSupport/BuildTools/lib/modules_development/WebGLSupport_AIModule_Dynamic.bc" --additional-libraries="/Applications/Unity/PlaybackEngines/WebGLSupport/BuildTools/lib/modules_development/WebGLSupport_ARModule_Dynamic.bc" --additional-libraries="/Applications/Unity/PlaybackEngines/WebGLSupport/BuildTools/lib/modules_development/WebGLSupport_AccessibilityModule_Dynamic.bc" --additional-libraries="/Applications/Unity/PlaybackEngines/WebGLSupport/BuildTools/lib/modules_development/WebGLSupport_AnimationModule_Dynamic.bc" --additional-libraries="/Applications/Unity/PlaybackEngines/WebGLSupport/BuildTools/lib/modules_development/WebGLSupport_AssetBundleModule_Dynamic.bc" --additional-libraries="/Applications/Unity/PlaybackEngines/WebGLSupport/BuildTools/lib/modules_development/WebGLSupport_AudioModule_Dynamic.bc" --additional-libraries="/Applications/Unity/PlaybackEngines/WebGLSupport/BuildTools/lib/modules_development/WebGLSupport_BaselibModule_Dynamic.bc" --additional-libraries="/Applications/Unity/PlaybackEngines/WebGLSupport/BuildTools/lib/modules_development/WebGLSupport_ClothModule_Dynamic.bc" --additional-libraries="/Applications/Unity/PlaybackEngines/WebGLSupport/BuildTools/lib/modules_development/WebGLSupport_CloudWebServicesModule_Dynamic.bc" --additional-libraries="/Applications/Unity/PlaybackEngines/WebGLSupport/BuildTools/lib/modules_development/WebGLSupport_CoreModule_Dynamic.bc" --additional-libraries="/Applications/Unity/PlaybackEngines/WebGLSupport/BuildTools/lib/modules_development/WebGLSupport_CrashReportingModule_Dynamic.bc" --additional-libraries="/Applications/Unity/PlaybackEngines/WebGLSupport/BuildTools/lib/modules_development/WebGLSupport_DirectorModule_Dynamic.bc" --additional-libraries="/Applications/Unity/PlaybackEngines/WebGLSupport/BuildTools/lib/modules_development/WebGLSupport_FacebookModule_Dynamic.bc" --additional-libraries="/Applications/Unity/PlaybackEngines/WebGLSupport/BuildTools/lib/modules_development/WebGLSupport_FileSystemHttpModule_Dynamic.bc" --additional-libraries="/Applications/Unity/PlaybackEngines/WebGLSupport/BuildTools/lib/modules_development/WebGLSupport_GameCenterModule_Dynamic.bc" --additional-libraries="/Applications/Unity/PlaybackEngines/WebGLSupport/BuildTools/lib/modules_development/WebGLSupport_GridModule_Dynamic.bc" --additional-libraries="/Applications/Unity/PlaybackEngines/WebGLSupport/BuildTools/lib/modules_development/WebGLSupport_HotReloadModule_Dynamic.bc" --additional-libraries="/Applications/Unity/PlaybackEngines/WebGLSupport/BuildTools/lib/modules_development/WebGLSupport_IMGUIModule_Dynamic.bc" --additional-libraries="/Applications/Unity/PlaybackEngines/WebGLSupport/BuildTools/lib/modules_development/WebGLSupport_ImageConversionModule_Dynamic.bc" --additional-libraries="/Applications/Unity/PlaybackEngines/WebGLSupport/BuildTools/lib/modules_development/WebGLSupport_InputModule_Dynamic.bc" --additional-libraries="/Applications/Unity/PlaybackEngines/WebGLSupport/BuildTools/lib/modules_development/WebGLSupport_JSONSerializeModule_Dynamic.bc" --additional-libraries="/Applications/Unity/PlaybackEngines/WebGLSupport/BuildTools/lib/modules_development/WebGLSupport_LocalizationModule_Dynamic.bc" --additional-libraries="/Applications/Unity/PlaybackEngines/WebGLSupport/BuildTools/lib/modules_development/WebGLSupport_ParticleSystemModule_Dynamic.bc" --additional-libraries="/Applications/Unity/PlaybackEngines/WebGLSupport/BuildTools/lib/modules_development/WebGLSupport_ParticlesLegacyModule_Dynamic.bc" --additional-libraries="/Applications/Unity/PlaybackEngines/WebGLSupport/BuildTools/lib/modules_development/WebGLSupport_PerformanceReportingModule_Dynamic.bc" --additional-libraries="/Applications/Unity/PlaybackEngines/WebGLSupport/BuildTools/lib/modules_development/WebGLSupport_Physics2DModule_Dynamic.bc" --additional-libraries="/Applications/Unity/PlaybackEngines/WebGLSupport/BuildTools/lib/modules_development/WebGLSupport_PhysicsModule_Dynamic.bc" --additional-libraries="/Applications/Unity/PlaybackEngines/WebGLSupport/BuildTools/lib/modules_development/WebGLSupport_ProfilerModule_Dynamic.bc" --additional-libraries="/Applications/Unity/PlaybackEngines/WebGLSupport/BuildTools/lib/modules_development/WebGLSupport_ScreenCaptureModule_Dynamic.bc" --additional-libraries="/Applications/Unity/PlaybackEngines/WebGLSupport/BuildTools/lib/modules_development/WebGLSupport_SharedInternalsModule_Dynamic.bc" --additional-libraries="/Applications/Unity/PlaybackEngines/WebGLSupport/BuildTools/lib/modules_development/WebGLSupport_SpatialTrackingModule_Dynamic.bc" --additional-libraries="/Applications/Unity/PlaybackEngines/WebGLSupport/BuildTools/lib/modules_development/WebGLSupport_SpriteMaskModule_Dynamic.bc" --additional-libraries="/Applications/Unity/PlaybackEngines/WebGLSupport/BuildTools/lib/modules_development/WebGLSupport_SpriteShapeModule_Dynamic.bc" --additional-libraries="/Applications/Unity/PlaybackEngines/WebGLSupport/BuildTools/lib/modules_development/WebGLSupport_StreamingModule_Dynamic.bc" --additional-libraries="/Applications/Unity/PlaybackEngines/WebGLSupport/BuildTools/lib/modules_development/WebGLSupport_StyleSheetsModule_Dynamic.bc" --additional-libraries="/Applications/Unity/PlaybackEngines/WebGLSupport/BuildTools/lib/modules_development/WebGLSupport_SubstanceModule_Dynamic.bc" --additional-libraries="/Applications/Unity/PlaybackEngines/WebGLSupport/BuildTools/lib/modules_development/WebGLSupport_TLSModule_Dynamic.bc" --additional-libraries="/Applications/Unity/PlaybackEngines/WebGLSupport/BuildTools/lib/modules_development/WebGLSupport_TerrainModule_Dynamic.bc" --additional-libraries="/Applications/Unity/PlaybackEngines/WebGLSupport/BuildTools/lib/modules_development/WebGLSupport_TerrainPhysicsModule_Dynamic.bc" --additional-libraries="/Applications/Unity/PlaybackEngines/WebGLSupport/BuildTools/lib/modules_development/WebGLSupport_TextRenderingModule_Dynamic.bc" --additional-libraries="/Applications/Unity/PlaybackEngines/WebGLSupport/BuildTools/lib/modules_development/WebGLSupport_TilemapModule_Dynamic.bc" --additional-libraries="/Applications/Unity/PlaybackEngines/WebGLSupport/BuildTools/lib/modules_development/WebGLSupport_TimelineModule_Dynamic.bc" --additional-libraries="/Applications/Unity/PlaybackEngines/WebGLSupport/BuildTools/lib/modules_development/WebGLSupport_UIElementsModule_Dynamic.bc" --additional-libraries="/Applications/Unity/PlaybackEngines/WebGLSupport/BuildTools/lib/modules_development/WebGLSupport_UIModule_Dynamic.bc" --additional-libraries="/Applications/Unity/PlaybackEngines/WebGLSupport/BuildTools/lib/modules_development/WebGLSupport_UNETModule_Dynamic.bc" --additional-libraries="/Applications/Unity/PlaybackEngines/WebGLSupport/BuildTools/lib/modules_development/WebGLSupport_UmbraModule_Dynamic.bc" --additional-libraries="/Applications/Unity/PlaybackEngines/WebGLSupport/BuildTools/lib/modules_development/WebGLSupport_UnityAnalyticsModule_Dynamic.bc" --additional-libraries="/Applications/Unity/PlaybackEngines/WebGLSupport/BuildTools/lib/modules_development/WebGLSupport_UnityConnectModule_Dynamic.bc" --additional-libraries="/Applications/Unity/PlaybackEngines/WebGLSupport/BuildTools/lib/modules_development/WebGLSupport_UnityWebRequestAssetBundleModule_Dynamic.bc" --additional-libraries="/Applications/Unity/PlaybackEngines/WebGLSupport/BuildTools/lib/modules_development/WebGLSupport_UnityWebRequestAudioModule_Dynamic.bc" --additional-libraries="/Applications/Unity/PlaybackEngines/WebGLSupport/BuildTools/lib/modules_development/WebGLSupport_UnityWebRequestModule_Dynamic.bc" --additional-libraries="/Applications/Unity/PlaybackEngines/WebGLSupport/BuildTools/lib/modules_development/WebGLSupport_UnityWebRequestTextureModule_Dynamic.bc" --additional-libraries="/Applications/Unity/PlaybackEngines/WebGLSupport/BuildTools/lib/modules_development/WebGLSupport_UnityWebRequestWWWModule_Dynamic.bc" --additional-libraries="/Applications/Unity/PlaybackEngines/WebGLSupport/BuildTools/lib/modules_development/WebGLSupport_VRModule_Dynamic.bc" --additional-libraries="/Applications/Unity/PlaybackEngines/WebGLSupport/BuildTools/lib/modules_development/WebGLSupport_VehiclesModule_Dynamic.bc" --additional-libraries="/Applications/Unity/PlaybackEngines/WebGLSupport/BuildTools/lib/modules_development/WebGLSupport_VideoModule_Dynamic.bc" --additional-libraries="/Applications/Unity/PlaybackEngines/WebGLSupport/BuildTools/lib/modules_development/WebGLSupport_WebGLModule_Dynamic.bc" --additional-libraries="/Applications/Unity/PlaybackEngines/WebGLSupport/BuildTools/lib/modules_development/WebGLSupport_WindModule_Dynamic.bc" --additional-libraries="/Applications/Unity/PlaybackEngines/WebGLSupport/BuildTools/lib/modules_development/WebGLSupport_XRModule_Dynamic.bc" --map-file-parser="/Applications/Unity/Unity.app/Contents/Tools/MapFileParser/MapFileParser" --assembly="/Users/k_takeda/works/unity_projects/zakuro_ran/Temp/StagingArea/Data/Managed/Assembly-CSharp.dll" --assembly="/Users/k_takeda/works/unity_projects/zakuro_ran/Temp/StagingArea/Data/Managed/UnityEngine.Analytics.dll" --assembly="/Users/k_takeda/works/unity_projects/zakuro_ran/Temp/StagingArea/Data/Managed/UnityEngine.dll" --generatedcppdir="/Users/k_takeda/works/unity_projects/zakuro_ran/Temp/StagingArea/Data/il2cppOutput" 
/Applications/Unity/Unity.app/Contents/il2cpp/build/il2cppcore/il2cppcore.dll exited after 46730 ms.
DisplayProgressbar: Scripting
Filename: python
Arguments: "/Applications/Unity/PlaybackEngines/WebGLSupport/BuildTools/Emscripten/emcc" @"/Users/k_takeda/works/unity_projects/zakuro_ran/Assets/../Temp/emcc_arguments.resp"
index: -1
DisplayProgressbar: Files

-------------------------------------------------------------------------------
Build Report
Uncompressed usage by category:
Textures      1.7 kb	 0.0% 
Meshes        0.0 kb	 0.0% 
Animations    0.0 kb	 0.0% 
Sounds        0.0 kb	 0.0% 
Shaders       0.0 kb	 0.0% 
Other Assets  1.4 kb	 0.0% 
Levels        5.7 kb	 0.0% 
Scripts       989.6 kb	 4.1% 
Included DLLs 3.9 mb	 16.9% 
File headers  8.7 kb	 0.0% 
Complete size 23.3 mb	 100.0% 

Used Assets and files from the Resources folder, sorted by uncompressed size:
 4.1 kb	 0.0% /Applications/Unity/Unity.app/Contents/UnityExtensions/Unity/GUISystem/UnityEngine.UI.dll
 4.1 kb	 0.0% /Applications/Unity/Unity.app/Contents/UnityExtensions/Unity/GUISystem/Standalone/UnityEngine.UI.dll
 1.7 kb	 0.0% /Applications/Unity/Unity.app/Contents/UnityExtensions/Unity/Networking/UnityEngine.Networking.dll
 1.7 kb	 0.0% /Applications/Unity/Unity.app/Contents/UnityExtensions/Unity/Networking/Standalone/UnityEngine.Networking.dll
 1.6 kb	 0.0% Assets/Pictures/zaku-idle0.png
 1.5 kb	 0.0% /Applications/Unity/Unity.app/Contents/UnityExtensions/Unity/Timeline/RuntimeEditor/UnityEngine.Timeline.dll
 1.5 kb	 0.0% /Applications/Unity/Unity.app/Contents/UnityExtensions/Unity/Timeline/Runtime/UnityEngine.Timeline.dll
 1.0 kb	 0.0% Assets/Pictures/box32x32.png
 0.7 kb	 0.0% /Applications/Unity/Unity.app/Contents/UnityExtensions/Unity/UnityHoloLens/RuntimeEditor/UnityEngine.HoloLens.dll
 0.7 kb	 0.0% /Applications/Unity/Unity.app/Contents/UnityExtensions/Unity/UnityHoloLens/Runtime/UnityEngine.HoloLens.dll
 0.6 kb	 0.0% /Applications/Unity/Unity.app/Contents/UnityExtensions/Unity/UnityGoogleAudioSpatializer/RuntimeEditor/UnityEngine.GoogleAudioSpatializer.dll
 0.6 kb	 0.0% /Applications/Unity/Unity.app/Contents/UnityExtensions/Unity/UnityGoogleAudioSpatializer/Runtime/UnityEngine.GoogleAudioSpatializer.dll
 0.4 kb	 0.0% /Applications/Unity/Unity.app/Contents/UnityExtensions/Unity/TestRunner/UnityEngine.TestRunner.dll
 0.4 kb	 0.0% /Applications/Unity/Unity.app/Contents/UnityExtensions/Unity/UnitySpatialTracking/RuntimeEditor/UnityEngine.SpatialTracking.dll
 0.4 kb	 0.0% /Applications/Unity/Unity.app/Contents/UnityExtensions/Unity/UnitySpatialTracking/Runtime/UnityEngine.SpatialTracking.dll
 0.3 kb	 0.0% Resources/unity_builtin_extra
 0.2 kb	 0.0% Packages/com.unity.analytics/UnityEngine.Analytics.dll
 0.2 kb	 0.0% Packages/com.unity.ads/UnityEngine.Advertisements.dll
 0.1 kb	 0.0% Packages/com.unity.textmeshpro/Scripts/Runtime/PackageResourceImporterWindow.cs
 0.1 kb	 0.0% Packages/com.unity.textmeshpro/Scripts/Runtime/TMP_ScrollbarEventHandler.cs
 0.1 kb	 0.0% Packages/com.unity.textmeshpro/Scripts/Runtime/TMPro_ExtensionMethods.cs
 0.1 kb	 0.0% Packages/com.unity.textmeshpro/Scripts/Runtime/TMP_SpriteAssetImportFormats.cs
 0.1 kb	 0.0% Packages/com.unity.textmeshpro/Scripts/Runtime/MaterialReferenceManager.cs
 0.1 kb	 0.0% Packages/com.unity.textmeshpro/Scripts/Runtime/TMPro_ShaderUtilities.cs
 0.1 kb	 0.0% Packages/com.unity.textmeshpro/Scripts/Runtime/TMPro_EventManager.cs
 0.1 kb	 0.0% Packages/com.unity.textmeshpro/Scripts/Runtime/TMP_UpdateManager.cs
 0.1 kb	 0.0% Packages/com.unity.textmeshpro/Scripts/Runtime/TMP_TextUtilities.cs
 0.1 kb	 0.0% Packages/com.unity.textmeshpro/Scripts/Runtime/TMP_SpriteAnimator.cs
 0.1 kb	 0.0% Packages/com.unity.textmeshpro/Scripts/Runtime/TMP_SelectionCaret.cs
 0.1 kb	 0.0% Packages/com.unity.textmeshpro/Scripts/Runtime/TMP_MaterialManager.cs
 0.1 kb	 0.0% Packages/com.unity.textmeshpro/Scripts/Runtime/TMP_InputValidator.cs
 0.1 kb	 0.0% Packages/com.unity.textmeshpro/Scripts/Runtime/TMP_DefaultControls.cs
 0.1 kb	 0.0% Packages/com.unity.textmeshpro/Scripts/Runtime/TMP_Compatibility.cs
 0.1 kb	 0.0% Packages/com.unity.textmeshpro/Scripts/Runtime/TMP_ColorGradient.cs
 0.1 kb	 0.0% Packages/com.unity.textmeshpro/Tests/Runtime/TMP_RuntimeTests.cs
 0.1 kb	 0.0% Packages/com.unity.textmeshpro/Scripts/Runtime/TextMeshProUGUI.cs
 0.1 kb	 0.0% Packages/com.unity.textmeshpro/Scripts/Runtime/TextContainer.cs
 0.1 kb	 0.0% Packages/com.unity.textmeshpro/Scripts/Runtime/TMPro_UGUI_Private.cs
 0.1 kb	 0.0% Packages/com.unity.textmeshpro/Scripts/Runtime/TMPro_MeshUtilities.cs
 0.1 kb	 0.0% Packages/com.unity.textmeshpro/Scripts/Runtime/TMPro_FontUtilities.cs
 0.1 kb	 0.0% Packages/com.unity.textmeshpro/Scripts/Runtime/TMP_XmlTagStack.cs
 0.1 kb	 0.0% Packages/com.unity.textmeshpro/Scripts/Runtime/TMP_UpdateRegistery.cs
 0.1 kb	 0.0% Packages/com.unity.textmeshpro/Scripts/Runtime/TMP_TextElement.cs
 0.1 kb	 0.0% Packages/com.unity.textmeshpro/Scripts/Runtime/TMP_SubMeshUI.cs
 0.1 kb	 0.0% Packages/com.unity.textmeshpro/Scripts/Runtime/TMP_StyleSheet.cs
 0.1 kb	 0.0% Packages/com.unity.textmeshpro/Scripts/Runtime/TMP_SpriteAsset.cs
 0.1 kb	 0.0% Packages/com.unity.textmeshpro/Scripts/Runtime/TMP_ObjectPool.cs
 0.1 kb	 0.0% Packages/com.unity.textmeshpro/Scripts/Runtime/TMP_InputField.cs
 0.1 kb	 0.0% Packages/com.unity.textmeshpro/Scripts/Runtime/TMP_FontAsset.cs
 0.1 kb	 0.0% Packages/com.unity.textmeshpro/Scripts/Runtime/TMP_CoroutineTween.cs
 0.1 kb	 0.0% Packages/com.unity.textmeshpro/Scripts/Runtime/TextMeshPro.cs
 0.1 kb	 0.0% Packages/com.unity.textmeshpro/Scripts/Runtime/TMPro_Private.cs
 0.1 kb	 0.0% Packages/com.unity.textmeshpro/Scripts/Runtime/TMP_TextInfo.cs
 0.1 kb	 0.0% Packages/com.unity.textmeshpro/Scripts/Runtime/TMP_SubMesh.cs
 0.1 kb	 0.0% Packages/com.unity.textmeshpro/Scripts/Runtime/TMP_Style.cs
 0.1 kb	 0.0% Packages/com.unity.textmeshpro/Scripts/Runtime/TMP_Sprite.cs
 0.1 kb	 0.0% Packages/com.unity.textmeshpro/Scripts/Runtime/TMP_Settings.cs
 0.1 kb	 0.0% Packages/com.unity.textmeshpro/Scripts/Runtime/TMP_MeshInfo.cs
 0.1 kb	 0.0% Packages/com.unity.textmeshpro/Scripts/Runtime/TMP_ListPool.cs
 0.1 kb	 0.0% Packages/com.unity.textmeshpro/Scripts/Runtime/TMP_LineInfo.cs
 0.1 kb	 0.0% Packages/com.unity.textmeshpro/Scripts/Runtime/TMP_Dropdown.cs
 0.1 kb	 0.0% Packages/com.unity.textmeshpro/Scripts/Runtime/TMP_Asset.cs
 0.1 kb	 0.0% Packages/com.unity.textmeshpro/Scripts/Runtime/FastAction.cs
 0.1 kb	 0.0% Packages/com.unity.textmeshpro/Scripts/Runtime/TMP_Text.cs
 0.1 kb	 0.0% Assets/Player.cs
-------------------------------------------------------------------------------
Unloading 14 Unused Serialized files (Serialized files now loaded: 0)
System memory in use before: 303.1 MB.
System memory in use after: 302.9 MB.

Unloading 25 unused Assets to reduce memory usage. Loaded Objects now: 967.
Total: 38.183031 ms (FindLiveObjects: 7.620151 ms CreateObjectMapping: 0.330351 ms MarkObjects: 28.274127 ms  DeleteObjects: 1.957183 ms)

Load scene 'Temp/__Backupscenes/0.backup' time: 0.119078 ms 
Unloading 0 Unused Serialized files (Serialized files now loaded: 0)
System memory in use before: 302.6 MB.
System memory in use after: 302.7 MB.

Unloading 0 unused Assets to reduce memory usage. Loaded Objects now: 963.
Total: 10.763192 ms (FindLiveObjects: 0.757395 ms CreateObjectMapping: 0.031203 ms MarkObjects: 9.969749 ms  DeleteObjects: 0.003867 ms)


*** Completed 'Build.Player.WebGLSupport' in 143 seconds (143075 ms)

- Starting compile Library/ScriptAssemblies/Unity.TextMeshPro.dll
- Starting compile Library/ScriptAssemblies/Unity.PackageManagerUI.Editor.dll
- Starting compile Library/ScriptAssemblies/UnityEditor.StandardEvents.dll
- Finished compile Library/ScriptAssemblies/UnityEditor.StandardEvents.dll
- Finished compile Library/ScriptAssemblies/Unity.PackageManagerUI.Editor.dll
- Finished compile Library/ScriptAssemblies/Unity.TextMeshPro.dll
Symbols will be read from Temp/Unity.TextMeshPro.dll.mdb
Script Module: Unity.TextMeshPro.dll
Pass: 0 took 49 milliseconds
Pass: 1 took 11 milliseconds
- Starting compile Library/ScriptAssemblies/Unity.TextMeshPro.Editor.dll
- Finished compile Library/ScriptAssemblies/Unity.TextMeshPro.Editor.dll
- Starting compile Library/ScriptAssemblies/Assembly-CSharp.dll
- Finished compile Library/ScriptAssemblies/Assembly-CSharp.dll
Symbols will be read from Temp/Assembly-CSharp.dll.mdb
Script Module: Assembly-CSharp.dll
Pass: 0 took 6 milliseconds
Pass: 1 took 1 milliseconds
- Starting compile Library/ScriptAssemblies/Assembly-CSharp-Editor.dll

-----Compiler Commandline Arguments:
Filename: /Applications/Unity/Unity.app/Contents/MonoBleedingEdge/bin/mono
Arguments: '/Applications/Unity/Unity.app/Contents/MonoBleedingEdge/lib/mono/4.5/mcs.exe'  @Temp/UnityTempFile-3581989355f0a4069a9e13576c9cbdba
index: 81
Responsefile: Temp/UnityTempFile-3581989355f0a4069a9e13576c9cbdba Contents: 
-debug
-target:library
-nowarn:0169
-langversion:4
-out:'Temp/Assembly-CSharp-Editor.dll'
-nostdlib
-r:'Library/ScriptAssemblies/Assembly-CSharp.dll'
-r:'Library/ScriptAssemblies/UnityEditor.StandardEvents.dll'
-r:'Library/ScriptAssemblies/Unity.TextMeshPro.Editor.dll'
-r:'Library/ScriptAssemblies/Unity.PackageManagerUI.Editor.dll'
-r:'Library/ScriptAssemblies/Unity.TextMeshPro.dll'
-r:'/Applications/Unity/Unity.app/Contents/Managed/UnityEngine/UnityEngine.dll'
-r:'/Applications/Unity/Unity.app/Contents/Managed/UnityEngine/UnityEngine.AIModule.dll'
-r:'/Applications/Unity/Unity.app/Contents/Managed/UnityEngine/UnityEngine.ARModule.dll'
-r:'/Applications/Unity/Unity.app/Contents/Managed/UnityEngine/UnityEngine.AccessibilityModule.dll'
-r:'/Applications/Unity/Unity.app/Contents/Managed/UnityEngine/UnityEngine.AnimationModule.dll'
-r:'/Applications/Unity/Unity.app/Contents/Managed/UnityEngine/UnityEngine.AssetBundleModule.dll'
-r:'/Applications/Unity/Unity.app/Contents/Managed/UnityEngine/UnityEngine.AudioModule.dll'
-r:'/Applications/Unity/Unity.app/Contents/Managed/UnityEngine/UnityEngine.BaselibModule.dll'
-r:'/Applications/Unity/Unity.app/Contents/Managed/UnityEngine/UnityEngine.ClothModule.dll'
-r:'/Applications/Unity/Unity.app/Contents/Managed/UnityEngine/UnityEngine.CloudWebServicesModule.dll'
-r:'/Applications/Unity/Unity.app/Contents/Managed/UnityEngine/UnityEngine.ClusterInputModule.dll'
-r:'/Applications/Unity/Unity.app/Contents/Managed/UnityEngine/UnityEngine.ClusterRendererModule.dll'
-r:'/Applications/Unity/Unity.app/Contents/Managed/UnityEngine/UnityEngine.CoreModule.dll'
-r:'/Applications/Unity/Unity.app/Contents/Managed/UnityEngine/UnityEngine.CrashReportingModule.dll'
-r:'/Applications/Unity/Unity.app/Contents/Managed/UnityEngine/UnityEngine.DirectorModule.dll'
-r:'/Applications/Unity/Unity.app/Contents/Managed/UnityEngine/UnityEngine.FacebookModule.dll'
-r:'/Applications/Unity/Unity.app/Contents/Managed/UnityEngine/UnityEngine.FileSystemHttpModule.dll'
-r:'/Applications/Unity/Unity.app/Contents/Managed/UnityEngine/UnityEngine.GameCenterModule.dll'
-r:'/Applications/Unity/Unity.app/Contents/Managed/UnityEngine/UnityEngine.GridModule.dll'
-r:'/Applications/Unity/Unity.app/Contents/Managed/UnityEngine/UnityEngine.HotReloadModule.dll'
-r:'/Applications/Unity/Unity.app/Contents/Managed/UnityEngine/UnityEngine.IMGUIModule.dll'
-r:'/Applications/Unity/Unity.app/Contents/Managed/UnityEngine/UnityEngine.ImageConversionModule.dll'
-r:'/Applications/Unity/Unity.app/Contents/Managed/UnityEngine/UnityEngine.InputModule.dll'
-r:'/Applications/Unity/Unity.app/Contents/Managed/UnityEngine/UnityEngine.JSONSerializeModule.dll'
-r:'/Applications/Unity/Unity.app/Contents/Managed/UnityEngine/UnityEngine.LocalizationModule.dll'
-r:'/Applications/Unity/Unity.app/Contents/Managed/UnityEngine/UnityEngine.ParticleSystemModule.dll'
-r:'/Applications/Unity/Unity.app/Contents/Managed/UnityEngine/UnityEngine.ParticlesLegacyModule.dll'
-r:'/Applications/Unity/Unity.app/Contents/Managed/UnityEngine/UnityEngine.PerformanceReportingModule.dll'
-r:'/Applications/Unity/Unity.app/Contents/Managed/UnityEngine/UnityEngine.PhysicsModule.dll'
-r:'/Applications/Unity/Unity.app/Contents/Managed/UnityEngine/UnityEngine.Physics2DModule.dll'
-r:'/Applications/Unity/Unity.app/Contents/Managed/UnityEngine/UnityEngine.ProfilerModule.dll'
-r:'/Applications/Unity/Unity.app/Contents/Managed/UnityEngine/UnityEngine.ScreenCaptureModule.dll'
-r:'/Applications/Unity/Unity.app/Contents/Managed/UnityEngine/UnityEngine.SharedInternalsModule.dll'
-r:'/Applications/Unity/Unity.app/Contents/Managed/UnityEngine/UnityEngine.SpatialTrackingModule.dll'
-r:'/Applications/Unity/Unity.app/Contents/Managed/UnityEngine/UnityEngine.SpriteMaskModule.dll'
-r:'/Applications/Unity/Unity.app/Contents/Managed/UnityEngine/UnityEngine.SpriteShapeModule.dll'
-r:'/Applications/Unity/Unity.app/Contents/Managed/UnityEngine/UnityEngine.StreamingModule.dll'
-r:'/Applications/Unity/Unity.app/Contents/Managed/UnityEngine/UnityEngine.StyleSheetsModule.dll'
-r:'/Applications/Unity/Unity.app/Contents/Managed/UnityEngine/UnityEngine.SubstanceModule.dll'
-r:'/Applications/Unity/Unity.app/Contents/Managed/UnityEngine/UnityEngine.TLSModule.dll'
-r:'/Applications/Unity/Unity.app/Contents/Managed/UnityEngine/UnityEngine.TerrainModule.dll'
-r:'/Applications/Unity/Unity.app/Contents/Managed/UnityEngine/UnityEngine.TerrainPhysicsModule.dll'
-r:'/Applications/Unity/Unity.app/Contents/Managed/UnityEngine/UnityEngine.TextRenderingModule.dll'
-r:'/Applications/Unity/Unity.app/Contents/Managed/UnityEngine/UnityEngine.TilemapModule.dll'
-r:'/Applications/Unity/Unity.app/Contents/Managed/UnityEngine/UnityEngine.TimelineModule.dll'
-r:'/Applications/Unity/Unity.app/Contents/Managed/UnityEngine/UnityEngine.UIModule.dll'
-r:'/Applications/Unity/Unity.app/Contents/Managed/UnityEngine/UnityEngine.UIElementsModule.dll'
-r:'/Applications/Unity/Unity.app/Contents/Managed/UnityEngine/UnityEngine.UNETModule.dll'
-r:'/Applications/Unity/Unity.app/Contents/Managed/UnityEngine/UnityEngine.UmbraModule.dll'
-r:'/Applications/Unity/Unity.app/Contents/Managed/UnityEngine/UnityEngine.UnityAnalyticsModule.dll'
-r:'/Applications/Unity/Unity.app/Contents/Managed/UnityEngine/UnityEngine.UnityConnectModule.dll'
-r:'/Applications/Unity/Unity.app/Contents/Managed/UnityEngine/UnityEngine.UnityWebRequestModule.dll'
-r:'/Applications/Unity/Unity.app/Contents/Managed/UnityEngine/UnityEngine.UnityWebRequestAssetBundleModule.dll'
-r:'/Applications/Unity/Unity.app/Contents/Managed/UnityEngine/UnityEngine.UnityWebRequestAudioModule.dll'
-r:'/Applications/Unity/Unity.app/Contents/Managed/UnityEngine/UnityEngine.UnityWebRequestTextureModule.dll'
-r:'/Applications/Unity/Unity.app/Contents/Managed/UnityEngine/UnityEngine.UnityWebRequestWWWModule.dll'
-r:'/Applications/Unity/Unity.app/Contents/Managed/UnityEngine/UnityEngine.VRModule.dll'
-r:'/Applications/Unity/Unity.app/Contents/Managed/UnityEngine/UnityEngine.VehiclesModule.dll'
-r:'/Applications/Unity/Unity.app/Contents/Managed/UnityEngine/UnityEngine.VideoModule.dll'
-r:'/Applications/Unity/PlaybackEngines/WebGLSupport/Managed/UnityEngine.WebGLModule.dll'
-r:'/Applications/Unity/Unity.app/Contents/Managed/UnityEngine/UnityEngine.WindModule.dll'
-r:'/Applications/Unity/Unity.app/Contents/Managed/UnityEngine/UnityEngine.XRModule.dll'
-r:'/Applications/Unity/Unity.app/Contents/Managed/UnityEditor.dll'
-r:'/Applications/Unity/Unity.app/Contents/Managed/Unity.Locator.dll'
-r:'/Applications/Unity/Unity.app/Contents/UnityExtensions/Unity/GUISystem/UnityEngine.UI.dll'
-r:'/Applications/Unity/Unity.app/Contents/UnityExtensions/Unity/GUISystem/Editor/UnityEditor.UI.dll'
-r:'/Applications/Unity/Unity.app/Contents/UnityExtensions/Unity/TestRunner/Editor/UnityEditor.TestRunner.dll'
-r:'/Applications/Unity/Unity.app/Contents/UnityExtensions/Unity/TestRunner/UnityEngine.TestRunner.dll'
-r:'/Applications/Unity/Unity.app/Contents/UnityExtensions/Unity/TestRunner/net35/unity-custom/nunit.framework.dll'
-r:'/Applications/Unity/Unity.app/Contents/UnityExtensions/Unity/Timeline/RuntimeEditor/UnityEngine.Timeline.dll'
-r:'/Applications/Unity/Unity.app/Contents/UnityExtensions/Unity/Timeline/Editor/UnityEditor.Timeline.dll'
-r:'/Applications/Unity/Unity.app/Contents/UnityExtensions/Unity/TreeEditor/Editor/UnityEditor.TreeEditor.dll'
-r:'/Applications/Unity/Unity.app/Contents/UnityExtensions/Unity/Networking/UnityEngine.Networking.dll'
-r:'/Applications/Unity/Unity.app/Contents/UnityExtensions/Unity/Networking/Editor/UnityEditor.Networking.dll'
-r:'/Applications/Unity/Unity.app/Contents/UnityExtensions/Unity/UnityGoogleAudioSpatializer/Editor/UnityEditor.GoogleAudioSpatializer.dll'
-r:'/Applications/Unity/Unity.app/Contents/UnityExtensions/Unity/UnityGoogleAudioSpatializer/RuntimeEditor/UnityEngine.GoogleAudioSpatializer.dll'
-r:'/Applications/Unity/Unity.app/Contents/UnityExtensions/Unity/UnityHoloLens/Editor/UnityEditor.HoloLens.dll'
-r:'/Applications/Unity/Unity.app/Contents/UnityExtensions/Unity/UnityHoloLens/RuntimeEditor/UnityEngine.HoloLens.dll'
-r:'/Applications/Unity/Unity.app/Contents/UnityExtensions/Unity/UnitySpatialTracking/Editor/UnityEditor.SpatialTracking.dll'
-r:'/Applications/Unity/Unity.app/Contents/UnityExtensions/Unity/UnitySpatialTracking/RuntimeEditor/UnityEngine.SpatialTracking.dll'
-r:'/Applications/Unity/Unity.app/Contents/UnityExtensions/Unity/UnityVR/Editor/UnityEditor.VR.dll'
-r:'/Applications/Unity/Unity.app/Contents/Managed/UnityEditor.Graphs.dll'
-r:'/Applications/Unity/PlaybackEngines/AndroidPlayer/UnityEditor.Android.Extensions.dll'
-r:'/Applications/Unity/PlaybackEngines/iOSSupport/UnityEditor.iOS.Extensions.dll'
-r:'/Applications/Unity/PlaybackEngines/WebGLSupport/UnityEditor.WebGL.Extensions.dll'
-r:'/Applications/Unity/Unity.app/Contents/PlaybackEngines/MacStandaloneSupport/UnityEditor.OSXStandalone.Extensions.dll'
-r:'/Users/k_takeda/Library/Unity/cache/packages/packages.unity.com/com.unity.ads@2.0.8/Editor/UnityEditor.Advertisements.dll'
-r:'/Users/k_takeda/Library/Unity/cache/packages/packages.unity.com/com.unity.analytics@2.0.16/UnityEngine.Analytics.dll'
-r:'/Users/k_takeda/Library/Unity/cache/packages/packages.unity.com/com.unity.analytics@2.0.16/Editor/UnityEditor.Analytics.dll'
-r:'/Users/k_takeda/Library/Unity/cache/packages/packages.unity.com/com.unity.purchasing@2.0.3/Editor/UnityEditor.Purchasing.dll'
-r:'/Users/k_takeda/Library/Unity/cache/packages/packages.unity.com/com.unity.standardevents@1.0.13/UnityEngine.StandardEvents.dll'
-r:'/Applications/Unity/PlaybackEngines/iOSSupport/UnityEditor.iOS.Extensions.Xcode.dll'
-r:'/Applications/Unity/PlaybackEngines/iOSSupport/UnityEditor.iOS.Extensions.Common.dll'
-r:'/Applications/Unity/Unity.app/Contents/MonoBleedingEdge/lib/mono/2.0-api/mscorlib.dll'
-r:'/Applications/Unity/Unity.app/Contents/MonoBleedingEdge/lib/mono/2.0-api/System.dll'
-r:'/Applications/Unity/Unity.app/Contents/MonoBleedingEdge/lib/mono/2.0-api/System.Core.dll'
-r:'/Applications/Unity/Unity.app/Contents/MonoBleedingEdge/lib/mono/2.0-api/System.Runtime.Serialization.dll'
-r:'/Applications/Unity/Unity.app/Contents/MonoBleedingEdge/lib/mono/2.0-api/System.Xml.dll'
-r:'/Applications/Unity/Unity.app/Contents/MonoBleedingEdge/lib/mono/2.0-api/System.Xml.Linq.dll'
-r:'/Applications/Unity/Unity.app/Contents/MonoBleedingEdge/lib/mono/2.0-api/UnityScript.dll'
-r:'/Applications/Unity/Unity.app/Contents/MonoBleedingEdge/lib/mono/2.0-api/UnityScript.Lang.dll'
-r:'/Applications/Unity/Unity.app/Contents/MonoBleedingEdge/lib/mono/2.0-api/Boo.Lang.dll'
-define:UNITY_5_3_OR_NEWER
-define:UNITY_5_4_OR_NEWER
-define:UNITY_5_5_OR_NEWER
-define:UNITY_5_6_OR_NEWER
-define:UNITY_2017_1_OR_NEWER
-define:UNITY_2017_2_OR_NEWER
-define:UNITY_2017_3_OR_NEWER
-define:UNITY_2017_4_OR_NEWER
-define:UNITY_2018_1_OR_NEWER
-define:UNITY_2018_2_OR_NEWER
-define:UNITY_2018_2_0
-define:UNITY_2018_2
-define:UNITY_2018
-define:UNITY_ANALYTICS
-define:ENABLE_AUDIO
-define:ENABLE_CACHING
-define:ENABLE_CLOTH
-define:ENABLE_MULTIPLE_DISPLAYS
-define:ENABLE_PHYSICS
-define:ENABLE_SPRITES
-define:ENABLE_GRID
-define:ENABLE_TILEMAP
-define:ENABLE_TERRAIN
-define:ENABLE_TEXTURE_STREAMING
-define:ENABLE_DIRECTOR
-define:ENABLE_UNET
-define:ENABLE_UNITYEVENTS
-define:ENABLE_WEBCAM
-define:ENABLE_WWW
-define:ENABLE_CLOUD_SERVICES_COLLAB
-define:ENABLE_CLOUD_SERVICES_COLLAB_SOFTLOCKS
-define:ENABLE_CLOUD_HUB
-define:ENABLE_CLOUD_PROJECT_ID
-define:ENABLE_CLOUD_SERVICES_USE_WEBREQUEST
-define:ENABLE_CLOUD_SERVICES_UNET
-define:ENABLE_CLOUD_SERVICES_BUILD
-define:ENABLE_CLOUD_LICENSE
-define:ENABLE_EDITOR_HUB
-define:ENABLE_EDITOR_HUB_LICENSE
-define:ENABLE_WEBSOCKET_CLIENT
-define:ENABLE_DIRECTOR_AUDIO
-define:ENABLE_DIRECTOR_TEXTURE
-define:ENABLE_TIMELINE
-define:ENABLE_EDITOR_METRICS
-define:ENABLE_EDITOR_METRICS_CACHING
-define:ENABLE_MANAGED_JOBS
-define:ENABLE_MANAGED_TRANSFORM_JOBS
-define:ENABLE_MANAGED_ANIMATION_JOBS
-define:INCLUDE_DYNAMIC_GI
-define:INCLUDE_GI
-define:ENABLE_MONO_BDWGC
-define:RENDER_SOFTWARE_CURSOR
-define:INCLUDE_PUBNUB
-define:ENABLE_VIDEO
-define:ENABLE_PACKMAN
-define:ENABLE_CUSTOM_RENDER_TEXTURE
-define:ENABLE_LOCALIZATION
-define:PLATFORM_WEBGL
-define:UNITY_WEBGL
-define:UNITY_WEBGL_API
-define:UNITY_DISABLE_WEB_VERIFICATION
-define:UNITY_GFX_USE_PLATFORM_VSYNC
-define:ENABLE_CRUNCH_TEXTURE_COMPRESSION
-define:ENABLE_UNITYWEBREQUEST
-define:ENABLE_CLOUD_SERVICES
-define:ENABLE_CLOUD_SERVICES_ADS
-define:ENABLE_CLOUD_SERVICES_ANALYTICS
-define:ENABLE_CLOUD_SERVICES_PURCHASING
-define:ENABLE_CLOUD_SERVICES_CRASH_REPORTING
-define:ENABLE_VR
-define:ENABLE_SPATIALTRACKING
-define:ENABLE_IL2CPP
-define:NET_2_0_SUBSET
-define:ENABLE_PROFILER
-define:DEBUG
-define:TRACE
-define:UNITY_ASSERTIONS
-define:UNITY_EDITOR
-define:UNITY_EDITOR_64
-define:UNITY_EDITOR_OSX
-define:ENABLE_UNITY_COLLECTIONS_CHECKS
-define:ENABLE_BURST_AOT
-define:UNITY_TEAM_LICENSE
'Assets/Editor/MyBuilder.cs'
-lib:'/Applications/Unity/Unity.app/Contents/MonoBleedingEdge/lib/mono/2.0-api'

-----CompilerOutput:-stdout--exitcode: 0--compilationhadfailure: False--outfile: Temp/Assembly-CSharp-Editor.dll
Compilation succeeded - 4 warning(s)
-----CompilerOutput:-stderr----------
Assets/Editor/MyBuilder.cs(12,33): warning CS0618: `UnityEditor.EditorUserBuildSettings.SwitchActiveBuildTarget(UnityEditor.BuildTarget)' is obsolete: `Please use SwitchActiveBuildTarget(BuildTargetGroup targetGroup, BuildTarget target)'
Assets/Editor/MyBuilder.cs(39,33): warning CS0618: `UnityEditor.EditorUserBuildSettings.SwitchActiveBuildTarget(UnityEditor.BuildTarget)' is obsolete: `Please use SwitchActiveBuildTarget(BuildTargetGroup targetGroup, BuildTarget target)'
Assets/Editor/MyBuilder.cs(82,33): warning CS0618: `UnityEditor.EditorUserBuildSettings.SwitchActiveBuildTarget(UnityEditor.BuildTarget)' is obsolete: `Please use SwitchActiveBuildTarget(BuildTargetGroup targetGroup, BuildTarget target)'
Assets/Editor/MyBuilder.cs(125,33): warning CS0618: `UnityEditor.EditorUserBuildSettings.SwitchActiveBuildTarget(UnityEditor.BuildTarget)' is obsolete: `Please use SwitchActiveBuildTarget(BuildTargetGroup targetGroup, BuildTarget target)'
-----EndCompilerOutput---------------
- Finished compile Library/ScriptAssemblies/Assembly-CSharp-Editor.dll
Assets/Editor/MyBuilder.cs(12,33): warning CS0618: `UnityEditor.EditorUserBuildSettings.SwitchActiveBuildTarget(UnityEditor.BuildTarget)' is obsolete: `Please use SwitchActiveBuildTarget(BuildTargetGroup targetGroup, BuildTarget target)'
 
(Filename: Assets/Editor/MyBuilder.cs Line: 12)

Assets/Editor/MyBuilder.cs(39,33): warning CS0618: `UnityEditor.EditorUserBuildSettings.SwitchActiveBuildTarget(UnityEditor.BuildTarget)' is obsolete: `Please use SwitchActiveBuildTarget(BuildTargetGroup targetGroup, BuildTarget target)'
 
(Filename: Assets/Editor/MyBuilder.cs Line: 39)

Assets/Editor/MyBuilder.cs(82,33): warning CS0618: `UnityEditor.EditorUserBuildSettings.SwitchActiveBuildTarget(UnityEditor.BuildTarget)' is obsolete: `Please use SwitchActiveBuildTarget(BuildTargetGroup targetGroup, BuildTarget target)'
 
(Filename: Assets/Editor/MyBuilder.cs Line: 82)

Assets/Editor/MyBuilder.cs(125,33): warning CS0618: `UnityEditor.EditorUserBuildSettings.SwitchActiveBuildTarget(UnityEditor.BuildTarget)' is obsolete: `Please use SwitchActiveBuildTarget(BuildTargetGroup targetGroup, BuildTarget target)'
 
(Filename: Assets/Editor/MyBuilder.cs Line: 125)

Reloading assemblies after script compilation.
Begin MonoManager ReloadAssembly
Refreshing native plugins compatible for Editor in 7.57 ms, found 5 plugins.
Preloading 2 native plugins for Editor in 1.81 ms.
Mono: successfully reloaded assembly
Refreshing native plugins compatible for Editor in 0.48 ms, found 5 plugins.
Preloading 2 native plugins for Editor in 1.51 ms.

----- Total AssetImport time: 0.121885s, AssetImport time: 0.000001s, Asset hashing: 0.000000s [0 B, 0.000000 mb/s]

- Completed reload, in  2.061 seconds
Initializing Unity.PackageManager (PackageManager) v2018.2.0 for Unity v2018.2.0f2
Registering platform support modules:
Registered platform support modules in: 0.043262s.
Native extension for OSXStandalone target not found
Native extension for WebGL target not found
Native extension for iOS target not found
Native extension for Android target not found
Batchmode quit successfully invoked - shutting down!
Refresh: detecting if any assets need to be imported or removed ...
Refresh: elapses 0.037520 seconds (Nothing changed)
Refresh completed in 0.037556 seconds.
Updating ProjectSettings/ProjectSettings.asset - GUID: 00000000000000004000000000000000...
 done. [Time: 61.948940 ms] 
Refreshing native plugins compatible for Editor in 0.46 ms, found 5 plugins.
Preloading 2 native plugins for Editor in 1.61 ms.

----- Total AssetImport time: 0.219361s, AssetImport time: 0.102944s, Asset hashing: 0.000000s [0 B, 0.000000 mb/s]

Refresh: detecting if any assets need to be imported or removed ...
Refresh: elapses 0.011364 seconds (Nothing changed)
Refresh completed in 0.011385 seconds.
[Package Manager] Server::Kill -- Server was shutdown
Cleanup mono
Exiting batchmode successfully now!
